2025-02-14 18:37:39.812 [info] [main] Log level: Info
2025-02-14 18:37:39.812 [info] [main] Validating found git in: "git"
2025-02-14 18:37:39.812 [info] [main] Using git "2.45.2" from "git"
2025-02-14 18:37:39.812 [info] [Model][doInitialScan] Initial repository scan started
2025-02-14 18:37:39.812 [info] [Model][doInitialScan] Initial repository scan completed - repositories (0), closed repositories (0), parent repositories (0), unsafe repositories (0)
2025-02-14 18:38:17.502 [info] [main] Log level: Info
2025-02-14 18:38:17.502 [info] [main] Validating found git in: "git"
2025-02-14 18:38:17.502 [info] [main] Using git "2.45.2" from "git"
2025-02-14 18:38:17.502 [info] [Model][doInitialScan] Initial repository scan started
2025-02-14 18:38:17.502 [info] > git rev-parse --show-toplevel [51ms]
2025-02-14 18:38:17.519 [info] > git rev-parse --git-dir --git-common-dir [6ms]
2025-02-14 18:38:17.538 [info] [Model][openRepository] Opened repository: /home/black/ENV_DEV/e-commerce/orebishopping
2025-02-14 18:38:17.572 [info] > git rev-parse --show-toplevel [9ms]
2025-02-14 18:38:17.574 [info] > git config --get commit.template [21ms]
2025-02-14 18:38:17.613 [info] > git rev-parse --show-toplevel [22ms]
2025-02-14 18:38:17.641 [info] > git for-each-ref --format=%(refname)%00%(upstream:short)%00%(objectname)%00%(upstream:track)%00%(upstream:remotename)%00%(upstream:remoteref) refs/heads/master refs/remotes/master [31ms]
2025-02-14 18:38:17.728 [warning] [Git][revParse] Unable to read file: ENOENT: no such file or directory, open '/home/black/ENV_DEV/e-commerce/orebishopping/.git/refs/remotes/origin/master'
2025-02-14 18:38:17.744 [info] > git rev-parse --show-toplevel [110ms]
2025-02-14 18:38:17.767 [info] [Model][doInitialScan] Initial repository scan completed - repositories (1), closed repositories (0), parent repositories (0), unsafe repositories (0)
2025-02-14 18:38:17.818 [info] > git rev-parse refs/remotes/origin/master [90ms]
2025-02-14 18:38:17.900 [info] > git for-each-ref --sort -committerdate --format %(refname) %(objectname) %(*objectname) [23ms]
2025-02-14 18:38:17.965 [info] > git status -z -uall [120ms]
2025-02-14 18:38:18.232 [info] > git for-each-ref --format=%(refname)%00%(upstream:short)%00%(objectname)%00%(upstream:track)%00%(upstream:remotename)%00%(upstream:remoteref) refs/heads/master refs/remotes/master [160ms]
2025-02-14 18:38:18.306 [info] > git config --get --local branch.master.vscode-merge-base [45ms]
2025-02-14 18:38:18.306 [warning] [Git][config] git config failed: Failed to execute git
2025-02-14 18:38:18.322 [info] > git config --get commit.template [95ms]
2025-02-14 18:38:18.329 [info] > git check-ignore -v -z --stdin [41ms]
2025-02-14 18:38:18.352 [info] > git reflog master --grep-reflog=branch: Created from *. [30ms]
2025-02-14 18:38:18.369 [info] > git for-each-ref --format=%(refname)%00%(upstream:short)%00%(objectname)%00%(upstream:track)%00%(upstream:remotename)%00%(upstream:remoteref) refs/heads/master refs/remotes/master [25ms]
2025-02-14 18:38:18.390 [warning] [Git][revParse] Unable to read file: ENOENT: no such file or directory, open '/home/black/ENV_DEV/e-commerce/orebishopping/.git/refs/remotes/origin/master'
2025-02-14 18:38:18.391 [info] > git symbolic-ref --short refs/remotes/origin/HEAD [23ms]
2025-02-14 18:38:18.409 [info] > git rev-parse refs/remotes/origin/master [19ms]
2025-02-14 18:38:18.547 [info] > git for-each-ref --sort -committerdate --format %(refname) %(objectname) %(*objectname) [13ms]
2025-02-14 18:38:18.548 [info] > git for-each-ref --format=%(refname)%00%(upstream:short)%00%(objectname)%00%(upstream:track)%00%(upstream:remotename)%00%(upstream:remoteref) refs/heads/origin/master refs/remotes/origin/master [140ms]
2025-02-14 18:38:18.593 [info] > git config --add --local branch.master.vscode-merge-base origin/master [12ms]
2025-02-14 18:38:18.629 [info] > git status -z -uall [151ms] (cancelled)
2025-02-14 18:38:18.629 [info] > git for-each-ref --format=%(refname)%00%(upstream:short)%00%(objectname)%00%(upstream:track)%00%(upstream:remotename)%00%(upstream:remoteref) refs/heads/master refs/remotes/master [17ms]
2025-02-14 18:38:18.662 [info] > git config --get commit.template [34ms]
2025-02-14 18:38:18.678 [info] > git config --get --local branch.master.vscode-merge-base [20ms]
2025-02-14 18:38:18.705 [info] > git for-each-ref --format=%(refname)%00%(upstream:short)%00%(objectname)%00%(upstream:track)%00%(upstream:remotename)%00%(upstream:remoteref) refs/heads/master refs/remotes/master [27ms]
2025-02-14 18:38:18.731 [warning] [Git][revParse] Unable to read file: ENOENT: no such file or directory, open '/home/black/ENV_DEV/e-commerce/orebishopping/.git/refs/remotes/origin/master'
2025-02-14 18:38:18.734 [info] > git for-each-ref --format=%(refname)%00%(upstream:short)%00%(objectname)%00%(upstream:track)%00%(upstream:remotename)%00%(upstream:remoteref) refs/heads/origin/master refs/remotes/origin/master [31ms]
2025-02-14 18:38:18.803 [info] > git rev-parse refs/remotes/origin/master [66ms]
2025-02-14 18:38:18.896 [info] > git merge-base refs/heads/master refs/remotes/origin/master [106ms]
2025-02-14 18:38:18.978 [info] > git for-each-ref --sort -committerdate --format %(refname) %(objectname) %(*objectname) [103ms]
2025-02-14 18:38:18.992 [info] > git diff --name-status -z --diff-filter=ADMR 189587d0d1420aed73eca5f62e08f3103878169c...refs/remotes/origin/master [32ms]
2025-02-14 18:38:19.088 [info] > git status -z -uall [241ms]
2025-02-14 18:38:19.832 [info] > git show --textconv :.gitignore [68ms]
2025-02-14 18:38:19.832 [info] > git ls-files --stage -- /home/black/ENV_DEV/e-commerce/orebishopping/.gitignore [36ms]
2025-02-14 18:38:20.023 [info] > git cat-file -s 58b21fe5e9164bf56825fdee8bd4d67c117856b4 [141ms]
2025-02-14 18:38:30.788 [info] > git check-ignore -v -z --stdin [4ms]
2025-02-14 18:38:31.553 [info] > git config --get commit.template [14ms]
2025-02-14 18:38:31.559 [info] > git for-each-ref --format=%(refname)%00%(upstream:short)%00%(objectname)%00%(upstream:track)%00%(upstream:remotename)%00%(upstream:remoteref) refs/heads/master refs/remotes/master [10ms]
2025-02-14 18:38:31.567 [warning] [Git][revParse] Unable to read file: ENOENT: no such file or directory, open '/home/black/ENV_DEV/e-commerce/orebishopping/.git/refs/remotes/origin/master'
2025-02-14 18:38:31.571 [info] > git rev-parse refs/remotes/origin/master [4ms]
2025-02-14 18:38:31.604 [info] > git for-each-ref --sort -committerdate --format %(refname) %(objectname) %(*objectname) [4ms]
2025-02-14 18:38:31.662 [info] > git status -z -uall [80ms]
2025-02-14 18:38:36.708 [info] > git config --get commit.template [8ms]
2025-02-14 18:38:36.709 [info] > git for-each-ref --format=%(refname)%00%(upstream:short)%00%(objectname)%00%(upstream:track)%00%(upstream:remotename)%00%(upstream:remoteref) refs/heads/master refs/remotes/master [2ms]
2025-02-14 18:38:36.721 [warning] [Git][revParse] Unable to read file: ENOENT: no such file or directory, open '/home/black/ENV_DEV/e-commerce/orebishopping/.git/refs/remotes/origin/master'
2025-02-14 18:38:36.725 [info] > git rev-parse refs/remotes/origin/master [4ms]
2025-02-14 18:38:36.753 [info] > git for-each-ref --sort -committerdate --format %(refname) %(objectname) %(*objectname) [5ms]
2025-02-14 18:38:36.775 [info] > git status -z -uall [40ms]
2025-02-14 18:38:37.426 [info] > git show --textconv :public/manifest.json [35ms]
2025-02-14 18:38:37.436 [info] > git ls-files --stage -- /home/black/ENV_DEV/e-commerce/orebishopping/public/manifest.json [11ms]
2025-02-14 18:38:37.467 [info] > git cat-file -s 080d6c77ac21bb2ef88a6992b2b73ad93daaca92 [6ms]
2025-02-14 18:38:41.835 [info] > git config --get commit.template [16ms]
2025-02-14 18:38:41.839 [info] > git for-each-ref --format=%(refname)%00%(upstream:short)%00%(objectname)%00%(upstream:track)%00%(upstream:remotename)%00%(upstream:remoteref) refs/heads/master refs/remotes/master [9ms]
2025-02-14 18:38:41.849 [warning] [Git][revParse] Unable to read file: ENOENT: no such file or directory, open '/home/black/ENV_DEV/e-commerce/orebishopping/.git/refs/remotes/origin/master'
2025-02-14 18:38:41.853 [info] > git rev-parse refs/remotes/origin/master [4ms]
2025-02-14 18:38:41.878 [info] > git for-each-ref --sort -committerdate --format %(refname) %(objectname) %(*objectname) [3ms]
2025-02-14 18:38:41.902 [info] > git status -z -uall [37ms]
2025-02-14 18:38:46.735 [info] > git show --textconv :public/robots.txt [24ms]
2025-02-14 18:38:46.737 [info] > git ls-files --stage -- /home/black/ENV_DEV/e-commerce/orebishopping/public/robots.txt [2ms]
2025-02-14 18:38:46.751 [info] > git cat-file -s e9e57dc4d41b9b46e05112e9f45b7ea6ac0ba15e [3ms]
2025-02-14 18:38:46.963 [info] > git config --get commit.template [24ms]
2025-02-14 18:38:46.967 [info] > git for-each-ref --format=%(refname)%00%(upstream:short)%00%(objectname)%00%(upstream:track)%00%(upstream:remotename)%00%(upstream:remoteref) refs/heads/master refs/remotes/master [7ms]
2025-02-14 18:38:46.981 [warning] [Git][revParse] Unable to read file: ENOENT: no such file or directory, open '/home/black/ENV_DEV/e-commerce/orebishopping/.git/refs/remotes/origin/master'
2025-02-14 18:38:46.985 [info] > git rev-parse refs/remotes/origin/master [4ms]
2025-02-14 18:38:47.037 [info] > git for-each-ref --sort -committerdate --format %(refname) %(objectname) %(*objectname) [15ms]
2025-02-14 18:38:47.092 [info] > git status -z -uall [90ms]
2025-02-14 18:38:52.174 [info] > git config --get commit.template [15ms]
2025-02-14 18:38:52.176 [info] > git for-each-ref --format=%(refname)%00%(upstream:short)%00%(objectname)%00%(upstream:track)%00%(upstream:remotename)%00%(upstream:remoteref) refs/heads/master refs/remotes/master [4ms]
2025-02-14 18:38:52.191 [warning] [Git][revParse] Unable to read file: ENOENT: no such file or directory, open '/home/black/ENV_DEV/e-commerce/orebishopping/.git/refs/remotes/origin/master'
2025-02-14 18:38:52.194 [info] > git rev-parse refs/remotes/origin/master [2ms]
2025-02-14 18:38:52.215 [info] > git for-each-ref --sort -committerdate --format %(refname) %(objectname) %(*objectname) [4ms]
2025-02-14 18:38:52.252 [info] > git status -z -uall [50ms]
2025-02-14 18:38:53.797 [info] > git check-ignore -v -z --stdin [5ms]
2025-02-14 18:38:57.297 [info] > git config --get commit.template [13ms]
2025-02-14 18:38:57.301 [info] > git for-each-ref --format=%(refname)%00%(upstream:short)%00%(objectname)%00%(upstream:track)%00%(upstream:remotename)%00%(upstream:remoteref) refs/heads/master refs/remotes/master [6ms]
2025-02-14 18:38:57.311 [warning] [Git][revParse] Unable to read file: ENOENT: no such file or directory, open '/home/black/ENV_DEV/e-commerce/orebishopping/.git/refs/remotes/origin/master'
2025-02-14 18:38:57.316 [info] > git rev-parse refs/remotes/origin/master [5ms]
2025-02-14 18:38:57.336 [info] > git for-each-ref --sort -committerdate --format %(refname) %(objectname) %(*objectname) [1ms]
2025-02-14 18:38:57.359 [info] > git status -z -uall [35ms]
2025-02-14 18:38:59.230 [info] > git show --textconv :src/App.js [189ms]
2025-02-14 18:38:59.230 [info] > git ls-files --stage -- /home/black/ENV_DEV/e-commerce/orebishopping/src/App.js [157ms]
2025-02-14 18:38:59.285 [info] > git cat-file -s 5a94ce3443e2d2601acf18ca9212e1d85601c9cb [16ms]
2025-02-14 18:39:02.543 [info] > git config --get commit.template [91ms]
2025-02-14 18:39:02.566 [info] > git for-each-ref --format=%(refname)%00%(upstream:short)%00%(objectname)%00%(upstream:track)%00%(upstream:remotename)%00%(upstream:remoteref) refs/heads/master refs/remotes/master [26ms]
2025-02-14 18:39:02.640 [warning] [Git][revParse] Unable to read file: ENOENT: no such file or directory, open '/home/black/ENV_DEV/e-commerce/orebishopping/.git/refs/remotes/origin/master'
2025-02-14 18:39:02.672 [info] > git rev-parse refs/remotes/origin/master [33ms]
2025-02-14 18:39:02.906 [info] > git for-each-ref --sort -committerdate --format %(refname) %(objectname) %(*objectname) [47ms]
2025-02-14 18:39:03.187 [info] > git status -z -uall [422ms]
2025-02-14 18:39:08.449 [info] > git config --get commit.template [143ms]
2025-02-14 18:39:08.494 [info] > git for-each-ref --format=%(refname)%00%(upstream:short)%00%(objectname)%00%(upstream:track)%00%(upstream:remotename)%00%(upstream:remoteref) refs/heads/master refs/remotes/master [73ms]
2025-02-14 18:39:08.552 [warning] [Git][revParse] Unable to read file: ENOENT: no such file or directory, open '/home/black/ENV_DEV/e-commerce/orebishopping/.git/refs/remotes/origin/master'
2025-02-14 18:39:08.563 [info] > git rev-parse refs/remotes/origin/master [11ms]
2025-02-14 18:39:08.661 [info] > git for-each-ref --sort -committerdate --format %(refname) %(objectname) %(*objectname) [36ms]
2025-02-14 18:39:08.816 [info] > git status -z -uall [230ms]
2025-02-14 18:39:14.013 [info] > git config --get commit.template [57ms]
2025-02-14 18:39:14.018 [info] > git for-each-ref --format=%(refname)%00%(upstream:short)%00%(objectname)%00%(upstream:track)%00%(upstream:remotename)%00%(upstream:remoteref) refs/heads/master refs/remotes/master [12ms]
2025-02-14 18:39:14.040 [warning] [Git][revParse] Unable to read file: ENOENT: no such file or directory, open '/home/black/ENV_DEV/e-commerce/orebishopping/.git/refs/remotes/origin/master'
2025-02-14 18:39:14.049 [info] > git rev-parse refs/remotes/origin/master [9ms]
2025-02-14 18:39:14.171 [info] > git for-each-ref --sort -committerdate --format %(refname) %(objectname) %(*objectname) [7ms]
2025-02-14 18:39:14.331 [info] > git status -z -uall [255ms]
2025-02-14 18:39:19.403 [info] > git config --get commit.template [14ms]
2025-02-14 18:39:19.407 [info] > git for-each-ref --format=%(refname)%00%(upstream:short)%00%(objectname)%00%(upstream:track)%00%(upstream:remotename)%00%(upstream:remoteref) refs/heads/master refs/remotes/master [4ms]
2025-02-14 18:39:19.419 [warning] [Git][revParse] Unable to read file: ENOENT: no such file or directory, open '/home/black/ENV_DEV/e-commerce/orebishopping/.git/refs/remotes/origin/master'
2025-02-14 18:39:19.422 [info] > git rev-parse refs/remotes/origin/master [3ms]
2025-02-14 18:39:19.473 [info] > git for-each-ref --sort -committerdate --format %(refname) %(objectname) %(*objectname) [8ms]
2025-02-14 18:39:19.503 [info] > git status -z -uall [64ms]
2025-02-14 18:39:24.546 [info] > git config --get commit.template [12ms]
2025-02-14 18:39:24.552 [info] > git for-each-ref --format=%(refname)%00%(upstream:short)%00%(objectname)%00%(upstream:track)%00%(upstream:remotename)%00%(upstream:remoteref) refs/heads/master refs/remotes/master [6ms]
2025-02-14 18:39:24.564 [warning] [Git][revParse] Unable to read file: ENOENT: no such file or directory, open '/home/black/ENV_DEV/e-commerce/orebishopping/.git/refs/remotes/origin/master'
2025-02-14 18:39:24.566 [info] > git rev-parse refs/remotes/origin/master [2ms]
2025-02-14 18:39:24.594 [info] > git for-each-ref --sort -committerdate --format %(refname) %(objectname) %(*objectname) [3ms]
2025-02-14 18:39:24.614 [info] > git status -z -uall [38ms]
2025-02-14 18:39:29.649 [info] > git config --get commit.template [2ms]
2025-02-14 18:39:29.663 [info] > git for-each-ref --format=%(refname)%00%(upstream:short)%00%(objectname)%00%(upstream:track)%00%(upstream:remotename)%00%(upstream:remoteref) refs/heads/master refs/remotes/master [4ms]
2025-02-14 18:39:29.676 [warning] [Git][revParse] Unable to read file: ENOENT: no such file or directory, open '/home/black/ENV_DEV/e-commerce/orebishopping/.git/refs/remotes/origin/master'
2025-02-14 18:39:29.679 [info] > git rev-parse refs/remotes/origin/master [3ms]
2025-02-14 18:39:29.708 [info] > git for-each-ref --sort -committerdate --format %(refname) %(objectname) %(*objectname) [5ms]
2025-02-14 18:39:29.731 [info] > git status -z -uall [41ms]
2025-02-14 18:39:34.776 [info] > git config --get commit.template [12ms]
2025-02-14 18:39:34.778 [info] > git for-each-ref --format=%(refname)%00%(upstream:short)%00%(objectname)%00%(upstream:track)%00%(upstream:remotename)%00%(upstream:remoteref) refs/heads/master refs/remotes/master [3ms]
2025-02-14 18:39:34.786 [warning] [Git][revParse] Unable to read file: ENOENT: no such file or directory, open '/home/black/ENV_DEV/e-commerce/orebishopping/.git/refs/remotes/origin/master'
2025-02-14 18:39:34.790 [info] > git rev-parse refs/remotes/origin/master [3ms]
2025-02-14 18:39:34.813 [info] > git for-each-ref --sort -committerdate --format %(refname) %(objectname) %(*objectname) [3ms]
2025-02-14 18:39:34.839 [info] > git status -z -uall [38ms]
2025-02-14 18:39:39.882 [info] > git config --get commit.template [9ms]
2025-02-14 18:39:39.888 [info] > git for-each-ref --format=%(refname)%00%(upstream:short)%00%(objectname)%00%(upstream:track)%00%(upstream:remotename)%00%(upstream:remoteref) refs/heads/master refs/remotes/master [5ms]
2025-02-14 18:39:39.898 [warning] [Git][revParse] Unable to read file: ENOENT: no such file or directory, open '/home/black/ENV_DEV/e-commerce/orebishopping/.git/refs/remotes/origin/master'
2025-02-14 18:39:39.903 [info] > git rev-parse refs/remotes/origin/master [5ms]
2025-02-14 18:39:39.929 [info] > git for-each-ref --sort -committerdate --format %(refname) %(objectname) %(*objectname) [3ms]
2025-02-14 18:39:39.948 [info] > git status -z -uall [37ms]
2025-02-14 18:39:44.985 [info] > git config --get commit.template [11ms]
2025-02-14 18:39:44.987 [info] > git for-each-ref --format=%(refname)%00%(upstream:short)%00%(objectname)%00%(upstream:track)%00%(upstream:remotename)%00%(upstream:remoteref) refs/heads/master refs/remotes/master [3ms]
2025-02-14 18:39:44.997 [warning] [Git][revParse] Unable to read file: ENOENT: no such file or directory, open '/home/black/ENV_DEV/e-commerce/orebishopping/.git/refs/remotes/origin/master'
2025-02-14 18:39:44.999 [info] > git rev-parse refs/remotes/origin/master [2ms]
2025-02-14 18:39:45.039 [info] > git for-each-ref --sort -committerdate --format %(refname) %(objectname) %(*objectname) [13ms]
2025-02-14 18:39:45.058 [info] > git status -z -uall [49ms]
2025-02-14 18:39:50.094 [info] > git config --get commit.template [4ms]
2025-02-14 18:39:50.113 [info] > git for-each-ref --format=%(refname)%00%(upstream:short)%00%(objectname)%00%(upstream:track)%00%(upstream:remotename)%00%(upstream:remoteref) refs/heads/master refs/remotes/master [5ms]
2025-02-14 18:39:50.125 [warning] [Git][revParse] Unable to read file: ENOENT: no such file or directory, open '/home/black/ENV_DEV/e-commerce/orebishopping/.git/refs/remotes/origin/master'
2025-02-14 18:39:50.129 [info] > git rev-parse refs/remotes/origin/master [4ms]
2025-02-14 18:39:50.160 [info] > git for-each-ref --sort -committerdate --format %(refname) %(objectname) %(*objectname) [4ms]
2025-02-14 18:39:50.183 [info] > git status -z -uall [43ms]
2025-02-14 18:39:55.221 [info] > git config --get commit.template [10ms]
2025-02-14 18:39:55.224 [info] > git for-each-ref --format=%(refname)%00%(upstream:short)%00%(objectname)%00%(upstream:track)%00%(upstream:remotename)%00%(upstream:remoteref) refs/heads/master refs/remotes/master [4ms]
2025-02-14 18:39:55.234 [warning] [Git][revParse] Unable to read file: ENOENT: no such file or directory, open '/home/black/ENV_DEV/e-commerce/orebishopping/.git/refs/remotes/origin/master'
2025-02-14 18:39:55.238 [info] > git rev-parse refs/remotes/origin/master [4ms]
2025-02-14 18:39:55.267 [info] > git for-each-ref --sort -committerdate --format %(refname) %(objectname) %(*objectname) [4ms]
2025-02-14 18:39:55.336 [info] > git status -z -uall [87ms]
2025-02-14 18:40:00.418 [info] > git config --get commit.template [19ms]
2025-02-14 18:40:00.419 [info] > git for-each-ref --format=%(refname)%00%(upstream:short)%00%(objectname)%00%(upstream:track)%00%(upstream:remotename)%00%(upstream:remoteref) refs/heads/master refs/remotes/master [3ms]
2025-02-14 18:40:00.435 [warning] [Git][revParse] Unable to read file: ENOENT: no such file or directory, open '/home/black/ENV_DEV/e-commerce/orebishopping/.git/refs/remotes/origin/master'
2025-02-14 18:40:00.440 [info] > git rev-parse refs/remotes/origin/master [5ms]
2025-02-14 18:40:00.465 [info] > git for-each-ref --sort -committerdate --format %(refname) %(objectname) %(*objectname) [1ms]
2025-02-14 18:40:00.491 [info] > git status -z -uall [40ms]
2025-02-14 18:40:05.536 [info] > git config --get commit.template [14ms]
2025-02-14 18:40:05.539 [info] > git for-each-ref --format=%(refname)%00%(upstream:short)%00%(objectname)%00%(upstream:track)%00%(upstream:remotename)%00%(upstream:remoteref) refs/heads/master refs/remotes/master [4ms]
2025-02-14 18:40:05.549 [warning] [Git][revParse] Unable to read file: ENOENT: no such file or directory, open '/home/black/ENV_DEV/e-commerce/orebishopping/.git/refs/remotes/origin/master'
2025-02-14 18:40:05.552 [info] > git rev-parse refs/remotes/origin/master [3ms]
2025-02-14 18:40:05.571 [info] > git for-each-ref --sort -committerdate --format %(refname) %(objectname) %(*objectname) [0ms]
2025-02-14 18:40:05.608 [info] > git status -z -uall [47ms]
2025-02-14 18:40:10.658 [info] > git config --get commit.template [17ms]
2025-02-14 18:40:10.662 [info] > git for-each-ref --format=%(refname)%00%(upstream:short)%00%(objectname)%00%(upstream:track)%00%(upstream:remotename)%00%(upstream:remoteref) refs/heads/master refs/remotes/master [5ms]
2025-02-14 18:40:10.682 [warning] [Git][revParse] Unable to read file: ENOENT: no such file or directory, open '/home/black/ENV_DEV/e-commerce/orebishopping/.git/refs/remotes/origin/master'
2025-02-14 18:40:10.685 [info] > git rev-parse refs/remotes/origin/master [3ms]
2025-02-14 18:40:10.719 [info] > git for-each-ref --sort -committerdate --format %(refname) %(objectname) %(*objectname) [4ms]
2025-02-14 18:40:10.739 [info] > git status -z -uall [38ms]
2025-02-14 18:40:15.775 [info] > git config --get commit.template [5ms]
2025-02-14 18:40:15.791 [info] > git for-each-ref --format=%(refname)%00%(upstream:short)%00%(objectname)%00%(upstream:track)%00%(upstream:remotename)%00%(upstream:remoteref) refs/heads/master refs/remotes/master [3ms]
2025-02-14 18:40:15.801 [warning] [Git][revParse] Unable to read file: ENOENT: no such file or directory, open '/home/black/ENV_DEV/e-commerce/orebishopping/.git/refs/remotes/origin/master'
2025-02-14 18:40:15.803 [info] > git rev-parse refs/remotes/origin/master [2ms]
2025-02-14 18:40:15.831 [info] > git for-each-ref --sort -committerdate --format %(refname) %(objectname) %(*objectname) [7ms]
2025-02-14 18:40:15.855 [info] > git status -z -uall [43ms]
2025-02-14 18:40:20.897 [info] > git config --get commit.template [10ms]
2025-02-14 18:40:20.900 [info] > git for-each-ref --format=%(refname)%00%(upstream:short)%00%(objectname)%00%(upstream:track)%00%(upstream:remotename)%00%(upstream:remoteref) refs/heads/master refs/remotes/master [4ms]
2025-02-14 18:40:20.907 [warning] [Git][revParse] Unable to read file: ENOENT: no such file or directory, open '/home/black/ENV_DEV/e-commerce/orebishopping/.git/refs/remotes/origin/master'
2025-02-14 18:40:20.912 [info] > git rev-parse refs/remotes/origin/master [5ms]
2025-02-14 18:40:20.942 [info] > git for-each-ref --sort -committerdate --format %(refname) %(objectname) %(*objectname) [5ms]
2025-02-14 18:40:20.965 [info] > git status -z -uall [42ms]
2025-02-14 18:40:26.004 [info] > git config --get commit.template [10ms]
2025-02-14 18:40:26.006 [info] > git for-each-ref --format=%(refname)%00%(upstream:short)%00%(objectname)%00%(upstream:track)%00%(upstream:remotename)%00%(upstream:remoteref) refs/heads/master refs/remotes/master [3ms]
2025-02-14 18:40:26.015 [warning] [Git][revParse] Unable to read file: ENOENT: no such file or directory, open '/home/black/ENV_DEV/e-commerce/orebishopping/.git/refs/remotes/origin/master'
2025-02-14 18:40:26.018 [info] > git rev-parse refs/remotes/origin/master [3ms]
2025-02-14 18:40:26.044 [info] > git for-each-ref --sort -committerdate --format %(refname) %(objectname) %(*objectname) [1ms]
2025-02-14 18:40:26.069 [info] > git status -z -uall [39ms]
2025-02-14 18:40:31.098 [info] > git config --get commit.template [2ms]
2025-02-14 18:40:31.113 [info] > git for-each-ref --format=%(refname)%00%(upstream:short)%00%(objectname)%00%(upstream:track)%00%(upstream:remotename)%00%(upstream:remoteref) refs/heads/master refs/remotes/master [4ms]
2025-02-14 18:40:31.126 [warning] [Git][revParse] Unable to read file: ENOENT: no such file or directory, open '/home/black/ENV_DEV/e-commerce/orebishopping/.git/refs/remotes/origin/master'
2025-02-14 18:40:31.131 [info] > git rev-parse refs/remotes/origin/master [5ms]
2025-02-14 18:40:31.159 [info] > git for-each-ref --sort -committerdate --format %(refname) %(objectname) %(*objectname) [5ms]
2025-02-14 18:40:31.178 [info] > git status -z -uall [38ms]
2025-02-14 18:40:36.224 [info] > git config --get commit.template [17ms]
2025-02-14 18:40:36.226 [info] > git for-each-ref --format=%(refname)%00%(upstream:short)%00%(objectname)%00%(upstream:track)%00%(upstream:remotename)%00%(upstream:remoteref) refs/heads/master refs/remotes/master [3ms]
2025-02-14 18:40:36.236 [warning] [Git][revParse] Unable to read file: ENOENT: no such file or directory, open '/home/black/ENV_DEV/e-commerce/orebishopping/.git/refs/remotes/origin/master'
2025-02-14 18:40:36.239 [info] > git rev-parse refs/remotes/origin/master [4ms]
2025-02-14 18:40:36.262 [info] > git for-each-ref --sort -committerdate --format %(refname) %(objectname) %(*objectname) [4ms]
2025-02-14 18:40:36.300 [info] > git status -z -uall [49ms]
2025-02-14 18:40:41.341 [info] > git config --get commit.template [15ms]
2025-02-14 18:40:41.344 [info] > git for-each-ref --format=%(refname)%00%(upstream:short)%00%(objectname)%00%(upstream:track)%00%(upstream:remotename)%00%(upstream:remoteref) refs/heads/master refs/remotes/master [4ms]
2025-02-14 18:40:41.357 [warning] [Git][revParse] Unable to read file: ENOENT: no such file or directory, open '/home/black/ENV_DEV/e-commerce/orebishopping/.git/refs/remotes/origin/master'
2025-02-14 18:40:41.361 [info] > git rev-parse refs/remotes/origin/master [4ms]
2025-02-14 18:40:41.387 [info] > git for-each-ref --sort -committerdate --format %(refname) %(objectname) %(*objectname) [5ms]
2025-02-14 18:40:41.412 [info] > git status -z -uall [40ms]
2025-02-14 18:40:46.461 [info] > git config --get commit.template [20ms]
2025-02-14 18:40:46.463 [info] > git for-each-ref --format=%(refname)%00%(upstream:short)%00%(objectname)%00%(upstream:track)%00%(upstream:remotename)%00%(upstream:remoteref) refs/heads/master refs/remotes/master [6ms]
2025-02-14 18:40:46.478 [warning] [Git][revParse] Unable to read file: ENOENT: no such file or directory, open '/home/black/ENV_DEV/e-commerce/orebishopping/.git/refs/remotes/origin/master'
2025-02-14 18:40:46.481 [info] > git rev-parse refs/remotes/origin/master [3ms]
2025-02-14 18:40:46.532 [info] > git for-each-ref --sort -committerdate --format %(refname) %(objectname) %(*objectname) [10ms]
2025-02-14 18:40:46.564 [info] > git status -z -uall [64ms]
2025-02-14 18:40:51.618 [info] > git config --get commit.template [10ms]
2025-02-14 18:40:51.620 [info] > git for-each-ref --format=%(refname)%00%(upstream:short)%00%(objectname)%00%(upstream:track)%00%(upstream:remotename)%00%(upstream:remoteref) refs/heads/master refs/remotes/master [3ms]
2025-02-14 18:40:51.629 [warning] [Git][revParse] Unable to read file: ENOENT: no such file or directory, open '/home/black/ENV_DEV/e-commerce/orebishopping/.git/refs/remotes/origin/master'
2025-02-14 18:40:51.633 [info] > git rev-parse refs/remotes/origin/master [3ms]
2025-02-14 18:40:51.668 [info] > git for-each-ref --sort -committerdate --format %(refname) %(objectname) %(*objectname) [5ms]
2025-02-14 18:40:51.701 [info] > git status -z -uall [53ms]
2025-02-14 18:40:56.748 [info] > git config --get commit.template [13ms]
2025-02-14 18:40:56.750 [info] > git for-each-ref --format=%(refname)%00%(upstream:short)%00%(objectname)%00%(upstream:track)%00%(upstream:remotename)%00%(upstream:remoteref) refs/heads/master refs/remotes/master [2ms]
2025-02-14 18:40:56.759 [warning] [Git][revParse] Unable to read file: ENOENT: no such file or directory, open '/home/black/ENV_DEV/e-commerce/orebishopping/.git/refs/remotes/origin/master'
2025-02-14 18:40:56.763 [info] > git rev-parse refs/remotes/origin/master [4ms]
2025-02-14 18:40:56.789 [info] > git for-each-ref --sort -committerdate --format %(refname) %(objectname) %(*objectname) [5ms]
2025-02-14 18:40:56.817 [info] > git status -z -uall [45ms]
2025-02-14 18:41:01.863 [info] > git for-each-ref --format=%(refname)%00%(upstream:short)%00%(objectname)%00%(upstream:track)%00%(upstream:remotename)%00%(upstream:remoteref) refs/heads/master refs/remotes/master [3ms]
2025-02-14 18:41:01.864 [info] > git config --get commit.template [15ms]
2025-02-14 18:41:01.872 [warning] [Git][revParse] Unable to read file: ENOENT: no such file or directory, open '/home/black/ENV_DEV/e-commerce/orebishopping/.git/refs/remotes/origin/master'
2025-02-14 18:41:01.876 [info] > git rev-parse refs/remotes/origin/master [3ms]
2025-02-14 18:41:01.904 [info] > git for-each-ref --sort -committerdate --format %(refname) %(objectname) %(*objectname) [2ms]
2025-02-14 18:41:01.945 [info] > git status -z -uall [55ms]
2025-02-14 18:41:06.984 [info] > git config --get commit.template [11ms]
2025-02-14 18:41:06.986 [info] > git for-each-ref --format=%(refname)%00%(upstream:short)%00%(objectname)%00%(upstream:track)%00%(upstream:remotename)%00%(upstream:remoteref) refs/heads/master refs/remotes/master [3ms]
2025-02-14 18:41:06.997 [warning] [Git][revParse] Unable to read file: ENOENT: no such file or directory, open '/home/black/ENV_DEV/e-commerce/orebishopping/.git/refs/remotes/origin/master'
2025-02-14 18:41:07.000 [info] > git rev-parse refs/remotes/origin/master [3ms]
2025-02-14 18:41:07.027 [info] > git for-each-ref --sort -committerdate --format %(refname) %(objectname) %(*objectname) [3ms]
2025-02-14 18:41:07.059 [info] > git status -z -uall [49ms]
2025-02-14 18:41:10.592 [info] > git check-ignore -v -z --stdin [5ms]
2025-02-14 18:41:12.114 [info] > git config --get commit.template [19ms]
2025-02-14 18:41:12.118 [info] > git for-each-ref --format=%(refname)%00%(upstream:short)%00%(objectname)%00%(upstream:track)%00%(upstream:remotename)%00%(upstream:remoteref) refs/heads/master refs/remotes/master [4ms]
2025-02-14 18:41:12.139 [warning] [Git][revParse] Unable to read file: ENOENT: no such file or directory, open '/home/black/ENV_DEV/e-commerce/orebishopping/.git/refs/remotes/origin/master'
2025-02-14 18:41:12.141 [info] > git rev-parse refs/remotes/origin/master [2ms]
2025-02-14 18:41:12.181 [info] > git for-each-ref --sort -committerdate --format %(refname) %(objectname) %(*objectname) [9ms]
2025-02-14 18:41:12.208 [info] > git status -z -uall [50ms]
2025-02-14 18:41:12.494 [info] > git check-ignore -v -z --stdin [4ms]
2025-02-14 18:41:17.248 [info] > git config --get commit.template [13ms]
2025-02-14 18:41:17.250 [info] > git for-each-ref --format=%(refname)%00%(upstream:short)%00%(objectname)%00%(upstream:track)%00%(upstream:remotename)%00%(upstream:remoteref) refs/heads/master refs/remotes/master [3ms]
2025-02-14 18:41:17.258 [warning] [Git][revParse] Unable to read file: ENOENT: no such file or directory, open '/home/black/ENV_DEV/e-commerce/orebishopping/.git/refs/remotes/origin/master'
2025-02-14 18:41:17.261 [info] > git rev-parse refs/remotes/origin/master [3ms]
2025-02-14 18:41:17.285 [info] > git for-each-ref --sort -committerdate --format %(refname) %(objectname) %(*objectname) [1ms]
2025-02-14 18:41:17.312 [info] > git status -z -uall [43ms]
2025-02-14 18:41:22.353 [info] > git config --get commit.template [11ms]
2025-02-14 18:41:22.357 [info] > git for-each-ref --format=%(refname)%00%(upstream:short)%00%(objectname)%00%(upstream:track)%00%(upstream:remotename)%00%(upstream:remoteref) refs/heads/master refs/remotes/master [5ms]
2025-02-14 18:41:22.368 [warning] [Git][revParse] Unable to read file: ENOENT: no such file or directory, open '/home/black/ENV_DEV/e-commerce/orebishopping/.git/refs/remotes/origin/master'
2025-02-14 18:41:22.372 [info] > git rev-parse refs/remotes/origin/master [4ms]
2025-02-14 18:41:22.399 [info] > git for-each-ref --sort -committerdate --format %(refname) %(objectname) %(*objectname) [1ms]
2025-02-14 18:41:22.428 [info] > git status -z -uall [45ms]
2025-02-14 18:41:27.477 [info] > git config --get commit.template [13ms]
2025-02-14 18:41:27.481 [info] > git for-each-ref --format=%(refname)%00%(upstream:short)%00%(objectname)%00%(upstream:track)%00%(upstream:remotename)%00%(upstream:remoteref) refs/heads/master refs/remotes/master [5ms]
2025-02-14 18:41:27.490 [warning] [Git][revParse] Unable to read file: ENOENT: no such file or directory, open '/home/black/ENV_DEV/e-commerce/orebishopping/.git/refs/remotes/origin/master'
2025-02-14 18:41:27.493 [info] > git rev-parse refs/remotes/origin/master [3ms]
2025-02-14 18:41:27.521 [info] > git for-each-ref --sort -committerdate --format %(refname) %(objectname) %(*objectname) [5ms]
2025-02-14 18:41:27.545 [info] > git status -z -uall [41ms]
2025-02-14 18:41:32.584 [info] > git config --get commit.template [14ms]
2025-02-14 18:41:32.588 [info] > git for-each-ref --format=%(refname)%00%(upstream:short)%00%(objectname)%00%(upstream:track)%00%(upstream:remotename)%00%(upstream:remoteref) refs/heads/master refs/remotes/master [10ms]
2025-02-14 18:41:32.598 [warning] [Git][revParse] Unable to read file: ENOENT: no such file or directory, open '/home/black/ENV_DEV/e-commerce/orebishopping/.git/refs/remotes/origin/master'
2025-02-14 18:41:32.600 [info] > git rev-parse refs/remotes/origin/master [2ms]
2025-02-14 18:41:32.628 [info] > git for-each-ref --sort -committerdate --format %(refname) %(objectname) %(*objectname) [5ms]
2025-02-14 18:41:32.649 [info] > git status -z -uall [39ms]
2025-02-14 18:41:37.691 [info] > git config --get commit.template [12ms]
2025-02-14 18:41:37.693 [info] > git for-each-ref --format=%(refname)%00%(upstream:short)%00%(objectname)%00%(upstream:track)%00%(upstream:remotename)%00%(upstream:remoteref) refs/heads/master refs/remotes/master [4ms]
2025-02-14 18:41:37.704 [warning] [Git][revParse] Unable to read file: ENOENT: no such file or directory, open '/home/black/ENV_DEV/e-commerce/orebishopping/.git/refs/remotes/origin/master'
2025-02-14 18:41:37.707 [info] > git rev-parse refs/remotes/origin/master [3ms]
2025-02-14 18:41:37.725 [info] > git for-each-ref --sort -committerdate --format %(refname) %(objectname) %(*objectname) [1ms]
2025-02-14 18:41:37.760 [info] > git status -z -uall [47ms]
2025-02-14 18:41:42.799 [info] > git config --get commit.template [10ms]
2025-02-14 18:41:42.804 [info] > git for-each-ref --format=%(refname)%00%(upstream:short)%00%(objectname)%00%(upstream:track)%00%(upstream:remotename)%00%(upstream:remoteref) refs/heads/master refs/remotes/master [6ms]
2025-02-14 18:41:42.811 [warning] [Git][revParse] Unable to read file: ENOENT: no such file or directory, open '/home/black/ENV_DEV/e-commerce/orebishopping/.git/refs/remotes/origin/master'
2025-02-14 18:41:42.814 [info] > git rev-parse refs/remotes/origin/master [3ms]
2025-02-14 18:41:42.841 [info] > git for-each-ref --sort -committerdate --format %(refname) %(objectname) %(*objectname) [4ms]
2025-02-14 18:41:42.860 [info] > git status -z -uall [36ms]
2025-02-14 18:41:47.902 [info] > git for-each-ref --format=%(refname)%00%(upstream:short)%00%(objectname)%00%(upstream:track)%00%(upstream:remotename)%00%(upstream:remoteref) refs/heads/master refs/remotes/master [3ms]
2025-02-14 18:41:47.903 [info] > git config --get commit.template [17ms]
2025-02-14 18:41:47.910 [warning] [Git][revParse] Unable to read file: ENOENT: no such file or directory, open '/home/black/ENV_DEV/e-commerce/orebishopping/.git/refs/remotes/origin/master'
2025-02-14 18:41:47.914 [info] > git rev-parse refs/remotes/origin/master [4ms]
2025-02-14 18:41:47.941 [info] > git for-each-ref --sort -committerdate --format %(refname) %(objectname) %(*objectname) [1ms]
2025-02-14 18:41:47.989 [info] > git status -z -uall [63ms]
2025-02-14 18:41:53.036 [info] > git config --get commit.template [20ms]
2025-02-14 18:41:53.038 [info] > git for-each-ref --format=%(refname)%00%(upstream:short)%00%(objectname)%00%(upstream:track)%00%(upstream:remotename)%00%(upstream:remoteref) refs/heads/master refs/remotes/master [3ms]
2025-02-14 18:41:53.053 [warning] [Git][revParse] Unable to read file: ENOENT: no such file or directory, open '/home/black/ENV_DEV/e-commerce/orebishopping/.git/refs/remotes/origin/master'
2025-02-14 18:41:53.058 [info] > git rev-parse refs/remotes/origin/master [5ms]
2025-02-14 18:41:53.095 [info] > git for-each-ref --sort -committerdate --format %(refname) %(objectname) %(*objectname) [6ms]
2025-02-14 18:41:53.135 [info] > git status -z -uall [65ms]
2025-02-14 18:41:58.181 [info] > git config --get commit.template [18ms]
2025-02-14 18:41:58.186 [info] > git for-each-ref --format=%(refname)%00%(upstream:short)%00%(objectname)%00%(upstream:track)%00%(upstream:remotename)%00%(upstream:remoteref) refs/heads/master refs/remotes/master [7ms]
2025-02-14 18:41:58.197 [warning] [Git][revParse] Unable to read file: ENOENT: no such file or directory, open '/home/black/ENV_DEV/e-commerce/orebishopping/.git/refs/remotes/origin/master'
2025-02-14 18:41:58.199 [info] > git rev-parse refs/remotes/origin/master [3ms]
2025-02-14 18:41:58.223 [info] > git for-each-ref --sort -committerdate --format %(refname) %(objectname) %(*objectname) [4ms]
2025-02-14 18:41:58.243 [info] > git status -z -uall [36ms]
2025-02-14 18:42:03.289 [info] > git config --get commit.template [15ms]
2025-02-14 18:42:03.291 [info] > git for-each-ref --format=%(refname)%00%(upstream:short)%00%(objectname)%00%(upstream:track)%00%(upstream:remotename)%00%(upstream:remoteref) refs/heads/master refs/remotes/master [3ms]
2025-02-14 18:42:03.305 [warning] [Git][revParse] Unable to read file: ENOENT: no such file or directory, open '/home/black/ENV_DEV/e-commerce/orebishopping/.git/refs/remotes/origin/master'
2025-02-14 18:42:03.309 [info] > git rev-parse refs/remotes/origin/master [4ms]
2025-02-14 18:42:03.342 [info] > git for-each-ref --sort -committerdate --format %(refname) %(objectname) %(*objectname) [6ms]
2025-02-14 18:42:03.363 [info] > git status -z -uall [40ms]
2025-02-14 18:42:08.397 [info] > git config --get commit.template [8ms]
2025-02-14 18:42:08.399 [info] > git for-each-ref --format=%(refname)%00%(upstream:short)%00%(objectname)%00%(upstream:track)%00%(upstream:remotename)%00%(upstream:remoteref) refs/heads/master refs/remotes/master [3ms]
2025-02-14 18:42:08.412 [warning] [Git][revParse] Unable to read file: ENOENT: no such file or directory, open '/home/black/ENV_DEV/e-commerce/orebishopping/.git/refs/remotes/origin/master'
2025-02-14 18:42:08.414 [info] > git rev-parse refs/remotes/origin/master [2ms]
2025-02-14 18:42:08.435 [info] > git for-each-ref --sort -committerdate --format %(refname) %(objectname) %(*objectname) [4ms]
2025-02-14 18:42:08.472 [info] > git status -z -uall [52ms]
2025-02-14 18:42:13.508 [info] > git config --get commit.template [5ms]
2025-02-14 18:42:13.522 [info] > git for-each-ref --format=%(refname)%00%(upstream:short)%00%(objectname)%00%(upstream:track)%00%(upstream:remotename)%00%(upstream:remoteref) refs/heads/master refs/remotes/master [4ms]
2025-02-14 18:42:13.532 [warning] [Git][revParse] Unable to read file: ENOENT: no such file or directory, open '/home/black/ENV_DEV/e-commerce/orebishopping/.git/refs/remotes/origin/master'
2025-02-14 18:42:13.535 [info] > git rev-parse refs/remotes/origin/master [3ms]
2025-02-14 18:42:13.566 [info] > git for-each-ref --sort -committerdate --format %(refname) %(objectname) %(*objectname) [3ms]
2025-02-14 18:42:13.583 [info] > git status -z -uall [36ms]
2025-02-14 18:42:18.626 [info] > git config --get commit.template [13ms]
2025-02-14 18:42:18.630 [info] > git for-each-ref --format=%(refname)%00%(upstream:short)%00%(objectname)%00%(upstream:track)%00%(upstream:remotename)%00%(upstream:remoteref) refs/heads/master refs/remotes/master [5ms]
2025-02-14 18:42:18.640 [warning] [Git][revParse] Unable to read file: ENOENT: no such file or directory, open '/home/black/ENV_DEV/e-commerce/orebishopping/.git/refs/remotes/origin/master'
2025-02-14 18:42:18.643 [info] > git rev-parse refs/remotes/origin/master [3ms]
2025-02-14 18:42:18.669 [info] > git for-each-ref --sort -committerdate --format %(refname) %(objectname) %(*objectname) [3ms]
2025-02-14 18:42:18.692 [info] > git status -z -uall [41ms]
2025-02-14 18:42:23.746 [info] > git config --get commit.template [12ms]
2025-02-14 18:42:23.748 [info] > git for-each-ref --format=%(refname)%00%(upstream:short)%00%(objectname)%00%(upstream:track)%00%(upstream:remotename)%00%(upstream:remoteref) refs/heads/master refs/remotes/master [3ms]
2025-02-14 18:42:23.763 [warning] [Git][revParse] Unable to read file: ENOENT: no such file or directory, open '/home/black/ENV_DEV/e-commerce/orebishopping/.git/refs/remotes/origin/master'
2025-02-14 18:42:23.769 [info] > git rev-parse refs/remotes/origin/master [6ms]
2025-02-14 18:42:23.814 [info] > git for-each-ref --sort -committerdate --format %(refname) %(objectname) %(*objectname) [1ms]
2025-02-14 18:42:23.864 [info] > git status -z -uall [79ms]
2025-02-14 18:42:28.932 [info] > git config --get commit.template [15ms]
2025-02-14 18:42:28.935 [info] > git for-each-ref --format=%(refname)%00%(upstream:short)%00%(objectname)%00%(upstream:track)%00%(upstream:remotename)%00%(upstream:remoteref) refs/heads/master refs/remotes/master [4ms]
2025-02-14 18:42:28.945 [warning] [Git][revParse] Unable to read file: ENOENT: no such file or directory, open '/home/black/ENV_DEV/e-commerce/orebishopping/.git/refs/remotes/origin/master'
2025-02-14 18:42:28.948 [info] > git rev-parse refs/remotes/origin/master [3ms]
2025-02-14 18:42:28.983 [info] > git for-each-ref --sort -committerdate --format %(refname) %(objectname) %(*objectname) [8ms]
2025-02-14 18:42:29.026 [info] > git status -z -uall [68ms]
2025-02-14 18:42:34.124 [info] > git config --get commit.template [3ms]
2025-02-14 18:42:34.144 [info] > git for-each-ref --format=%(refname)%00%(upstream:short)%00%(objectname)%00%(upstream:track)%00%(upstream:remotename)%00%(upstream:remoteref) refs/heads/master refs/remotes/master [4ms]
2025-02-14 18:42:34.156 [warning] [Git][revParse] Unable to read file: ENOENT: no such file or directory, open '/home/black/ENV_DEV/e-commerce/orebishopping/.git/refs/remotes/origin/master'
2025-02-14 18:42:34.160 [info] > git rev-parse refs/remotes/origin/master [4ms]
2025-02-14 18:42:34.189 [info] > git for-each-ref --sort -committerdate --format %(refname) %(objectname) %(*objectname) [9ms]
2025-02-14 18:42:34.215 [info] > git status -z -uall [44ms]
2025-02-14 18:42:39.274 [info] > git for-each-ref --format=%(refname)%00%(upstream:short)%00%(objectname)%00%(upstream:track)%00%(upstream:remotename)%00%(upstream:remoteref) refs/heads/master refs/remotes/master [3ms]
2025-02-14 18:42:39.276 [info] > git config --get commit.template [15ms]
2025-02-14 18:42:39.287 [warning] [Git][revParse] Unable to read file: ENOENT: no such file or directory, open '/home/black/ENV_DEV/e-commerce/orebishopping/.git/refs/remotes/origin/master'
2025-02-14 18:42:39.292 [info] > git rev-parse refs/remotes/origin/master [5ms]
2025-02-14 18:42:39.316 [info] > git for-each-ref --sort -committerdate --format %(refname) %(objectname) %(*objectname) [1ms]
2025-02-14 18:42:39.340 [info] > git status -z -uall [39ms]
2025-02-14 18:42:44.384 [info] > git config --get commit.template [16ms]
2025-02-14 18:42:44.388 [info] > git for-each-ref --format=%(refname)%00%(upstream:short)%00%(objectname)%00%(upstream:track)%00%(upstream:remotename)%00%(upstream:remoteref) refs/heads/master refs/remotes/master [4ms]
2025-02-14 18:42:44.397 [warning] [Git][revParse] Unable to read file: ENOENT: no such file or directory, open '/home/black/ENV_DEV/e-commerce/orebishopping/.git/refs/remotes/origin/master'
2025-02-14 18:42:44.402 [info] > git rev-parse refs/remotes/origin/master [5ms]
2025-02-14 18:42:44.436 [info] > git for-each-ref --sort -committerdate --format %(refname) %(objectname) %(*objectname) [6ms]
2025-02-14 18:42:44.462 [info] > git status -z -uall [46ms]
2025-02-14 18:42:49.497 [info] > git config --get commit.template [5ms]
2025-02-14 18:42:49.522 [info] > git for-each-ref --format=%(refname)%00%(upstream:short)%00%(objectname)%00%(upstream:track)%00%(upstream:remotename)%00%(upstream:remoteref) refs/heads/master refs/remotes/master [6ms]
2025-02-14 18:42:49.540 [warning] [Git][revParse] Unable to read file: ENOENT: no such file or directory, open '/home/black/ENV_DEV/e-commerce/orebishopping/.git/refs/remotes/origin/master'
2025-02-14 18:42:49.544 [info] > git rev-parse refs/remotes/origin/master [5ms]
2025-02-14 18:42:49.585 [info] > git for-each-ref --sort -committerdate --format %(refname) %(objectname) %(*objectname) [7ms]
2025-02-14 18:42:49.661 [info] > git status -z -uall [102ms]
2025-02-14 18:42:54.725 [info] > git for-each-ref --format=%(refname)%00%(upstream:short)%00%(objectname)%00%(upstream:track)%00%(upstream:remotename)%00%(upstream:remoteref) refs/heads/master refs/remotes/master [3ms]
2025-02-14 18:42:54.725 [info] > git config --get commit.template [16ms]
2025-02-14 18:42:54.735 [warning] [Git][revParse] Unable to read file: ENOENT: no such file or directory, open '/home/black/ENV_DEV/e-commerce/orebishopping/.git/refs/remotes/origin/master'
2025-02-14 18:42:54.737 [info] > git rev-parse refs/remotes/origin/master [2ms]
2025-02-14 18:42:54.763 [info] > git for-each-ref --sort -committerdate --format %(refname) %(objectname) %(*objectname) [1ms]
2025-02-14 18:42:54.799 [info] > git status -z -uall [48ms]
2025-02-14 18:42:59.851 [info] > git config --get commit.template [16ms]
2025-02-14 18:42:59.859 [info] > git for-each-ref --format=%(refname)%00%(upstream:short)%00%(objectname)%00%(upstream:track)%00%(upstream:remotename)%00%(upstream:remoteref) refs/heads/master refs/remotes/master [6ms]
2025-02-14 18:42:59.867 [warning] [Git][revParse] Unable to read file: ENOENT: no such file or directory, open '/home/black/ENV_DEV/e-commerce/orebishopping/.git/refs/remotes/origin/master'
2025-02-14 18:42:59.869 [info] > git rev-parse refs/remotes/origin/master [2ms]
2025-02-14 18:42:59.909 [info] > git for-each-ref --sort -committerdate --format %(refname) %(objectname) %(*objectname) [5ms]
2025-02-14 18:42:59.956 [info] > git status -z -uall [70ms]
2025-02-14 18:43:05.008 [info] > git config --get commit.template [6ms]
2025-02-14 18:43:05.032 [info] > git for-each-ref --format=%(refname)%00%(upstream:short)%00%(objectname)%00%(upstream:track)%00%(upstream:remotename)%00%(upstream:remoteref) refs/heads/master refs/remotes/master [3ms]
2025-02-14 18:43:05.040 [warning] [Git][revParse] Unable to read file: ENOENT: no such file or directory, open '/home/black/ENV_DEV/e-commerce/orebishopping/.git/refs/remotes/origin/master'
2025-02-14 18:43:05.046 [info] > git rev-parse refs/remotes/origin/master [6ms]
2025-02-14 18:43:05.112 [info] > git for-each-ref --sort -committerdate --format %(refname) %(objectname) %(*objectname) [15ms]
2025-02-14 18:43:05.160 [info] > git status -z -uall [95ms]
2025-02-14 18:43:10.298 [info] > git config --get commit.template [57ms]
2025-02-14 18:43:10.310 [info] > git for-each-ref --format=%(refname)%00%(upstream:short)%00%(objectname)%00%(upstream:track)%00%(upstream:remotename)%00%(upstream:remoteref) refs/heads/master refs/remotes/master [20ms]
2025-02-14 18:43:10.359 [warning] [Git][revParse] Unable to read file: ENOENT: no such file or directory, open '/home/black/ENV_DEV/e-commerce/orebishopping/.git/refs/remotes/origin/master'
2025-02-14 18:43:10.366 [info] > git rev-parse refs/remotes/origin/master [14ms]
2025-02-14 18:43:10.484 [info] > git for-each-ref --sort -committerdate --format %(refname) %(objectname) %(*objectname) [23ms]
2025-02-14 18:43:10.601 [info] > git status -z -uall [200ms]
2025-02-14 18:43:16.723 [info] > git config --get commit.template [30ms]
2025-02-14 18:43:16.786 [info] > git for-each-ref --format=%(refname)%00%(upstream:short)%00%(objectname)%00%(upstream:track)%00%(upstream:remotename)%00%(upstream:remoteref) refs/heads/master refs/remotes/master [42ms]
2025-02-14 18:43:16.815 [warning] [Git][revParse] Unable to read file: ENOENT: no such file or directory, open '/home/black/ENV_DEV/e-commerce/orebishopping/.git/refs/remotes/origin/master'
2025-02-14 18:43:16.828 [info] > git rev-parse refs/remotes/origin/master [16ms]
2025-02-14 18:43:16.961 [info] > git for-each-ref --sort -committerdate --format %(refname) %(objectname) %(*objectname) [11ms]
2025-02-14 18:43:17.012 [info] > git status -z -uall [126ms]
2025-02-14 18:45:22.969 [info] > git config --get commit.template [138ms]
2025-02-14 18:45:23.025 [info] > git for-each-ref --format=%(refname)%00%(upstream:short)%00%(objectname)%00%(upstream:track)%00%(upstream:remotename)%00%(upstream:remoteref) refs/heads/master refs/remotes/master [81ms]
2025-02-14 18:45:23.078 [warning] [Git][revParse] Unable to read file: ENOENT: no such file or directory, open '/home/black/ENV_DEV/e-commerce/orebishopping/.git/refs/remotes/origin/master'
2025-02-14 18:45:23.110 [info] > git rev-parse refs/remotes/origin/master [32ms]
2025-02-14 18:45:23.282 [info] > git for-each-ref --sort -committerdate --format %(refname) %(objectname) %(*objectname) [18ms]
2025-02-14 18:45:23.655 [info] > git status -z -uall [418ms]
2025-02-14 18:45:28.833 [info] > git config --get commit.template [62ms]
2025-02-14 18:45:28.836 [info] > git for-each-ref --format=%(refname)%00%(upstream:short)%00%(objectname)%00%(upstream:track)%00%(upstream:remotename)%00%(upstream:remoteref) refs/heads/master refs/remotes/master [13ms]
2025-02-14 18:45:28.893 [warning] [Git][revParse] Unable to read file: ENOENT: no such file or directory, open '/home/black/ENV_DEV/e-commerce/orebishopping/.git/refs/remotes/origin/master'
2025-02-14 18:45:28.922 [info] > git rev-parse refs/remotes/origin/master [29ms]
2025-02-14 18:45:29.070 [info] > git for-each-ref --sort -committerdate --format %(refname) %(objectname) %(*objectname) [14ms]
2025-02-14 18:45:29.140 [info] > git status -z -uall [140ms]
2025-02-14 18:45:34.218 [info] > git config --get commit.template [13ms]
2025-02-14 18:45:34.220 [info] > git for-each-ref --format=%(refname)%00%(upstream:short)%00%(objectname)%00%(upstream:track)%00%(upstream:remotename)%00%(upstream:remoteref) refs/heads/master refs/remotes/master [3ms]
2025-02-14 18:45:34.228 [warning] [Git][revParse] Unable to read file: ENOENT: no such file or directory, open '/home/black/ENV_DEV/e-commerce/orebishopping/.git/refs/remotes/origin/master'
2025-02-14 18:45:34.231 [info] > git rev-parse refs/remotes/origin/master [3ms]
2025-02-14 18:45:34.249 [info] > git for-each-ref --sort -committerdate --format %(refname) %(objectname) %(*objectname) [2ms]
2025-02-14 18:45:34.292 [info] > git check-ignore -v -z --stdin [7ms]
2025-02-14 18:45:34.309 [info] > git status -z -uall [70ms]
2025-02-14 18:45:39.585 [info] > git ls-files --stage -- /home/black/ENV_DEV/e-commerce/orebishopping/package-lock.json [123ms]
2025-02-14 18:45:39.640 [info] > git config --get commit.template [62ms]
2025-02-14 18:45:39.642 [info] > git cat-file -s 47614959edc30f5b402c9b3a30d848b41fd13bd4 [21ms]
2025-02-14 18:45:39.738 [info] > git show --textconv :package-lock.json [389ms]
2025-02-14 18:45:39.785 [info] > git for-each-ref --format=%(refname)%00%(upstream:short)%00%(objectname)%00%(upstream:track)%00%(upstream:remotename)%00%(upstream:remoteref) refs/heads/master refs/remotes/master [48ms]
2025-02-14 18:45:39.848 [warning] [Git][revParse] Unable to read file: ENOENT: no such file or directory, open '/home/black/ENV_DEV/e-commerce/orebishopping/.git/refs/remotes/origin/master'
2025-02-14 18:45:39.864 [info] > git rev-parse refs/remotes/origin/master [17ms]
2025-02-14 18:45:40.044 [info] > git for-each-ref --sort -committerdate --format %(refname) %(objectname) %(*objectname) [78ms]
2025-02-14 18:45:40.120 [info] > git status -z -uall [216ms]
2025-02-14 18:45:41.832 [info] > git blame --root --incremental 189587d0d1420aed73eca5f62e08f3103878169c -- /home/black/ENV_DEV/e-commerce/orebishopping/package-lock.json [116ms]
2025-02-14 18:47:40.117 [info] > git config --get commit.template [2ms]
2025-02-14 18:47:40.152 [info] > git for-each-ref --format=%(refname)%00%(upstream:short)%00%(objectname)%00%(upstream:track)%00%(upstream:remotename)%00%(upstream:remoteref) refs/heads/master refs/remotes/master [7ms]
2025-02-14 18:47:40.172 [warning] [Git][revParse] Unable to read file: ENOENT: no such file or directory, open '/home/black/ENV_DEV/e-commerce/orebishopping/.git/refs/remotes/origin/master'
2025-02-14 18:47:40.181 [info] > git rev-parse refs/remotes/origin/master [8ms]
2025-02-14 18:47:40.268 [info] > git for-each-ref --sort -committerdate --format %(refname) %(objectname) %(*objectname) [22ms]
2025-02-14 18:47:40.348 [info] > git status -z -uall [145ms]
2025-02-14 18:47:45.196 [info] > git check-ignore -v -z --stdin [8ms]
2025-02-14 18:47:45.410 [info] > git config --get commit.template [4ms]
2025-02-14 18:47:45.427 [info] > git for-each-ref --format=%(refname)%00%(upstream:short)%00%(objectname)%00%(upstream:track)%00%(upstream:remotename)%00%(upstream:remoteref) refs/heads/master refs/remotes/master [5ms]
2025-02-14 18:47:45.434 [warning] [Git][revParse] Unable to read file: ENOENT: no such file or directory, open '/home/black/ENV_DEV/e-commerce/orebishopping/.git/refs/remotes/origin/master'
2025-02-14 18:47:45.437 [info] > git rev-parse refs/remotes/origin/master [3ms]
2025-02-14 18:47:45.465 [info] > git for-each-ref --sort -committerdate --format %(refname) %(objectname) %(*objectname) [5ms]
2025-02-14 18:47:45.501 [info] > git status -z -uall [54ms]
2025-02-14 18:47:50.540 [info] > git for-each-ref --format=%(refname)%00%(upstream:short)%00%(objectname)%00%(upstream:track)%00%(upstream:remotename)%00%(upstream:remoteref) refs/heads/master refs/remotes/master [1ms]
2025-02-14 18:47:50.541 [info] > git config --get commit.template [10ms]
2025-02-14 18:47:50.551 [warning] [Git][revParse] Unable to read file: ENOENT: no such file or directory, open '/home/black/ENV_DEV/e-commerce/orebishopping/.git/refs/remotes/origin/master'
2025-02-14 18:47:50.557 [info] > git rev-parse refs/remotes/origin/master [6ms]
2025-02-14 18:47:50.588 [info] > git for-each-ref --sort -committerdate --format %(refname) %(objectname) %(*objectname) [5ms]
2025-02-14 18:47:50.614 [info] > git status -z -uall [47ms]
2025-02-14 18:47:54.352 [info] > git show --textconv :.gitignore [53ms]
2025-02-14 18:47:54.361 [info] > git ls-files --stage -- /home/black/ENV_DEV/e-commerce/orebishopping/.gitignore [9ms]
2025-02-14 18:47:54.397 [info] > git cat-file -s 58b21fe5e9164bf56825fdee8bd4d67c117856b4 [14ms]
2025-02-14 18:47:54.536 [info] > git blame --root --incremental 189587d0d1420aed73eca5f62e08f3103878169c -- /home/black/ENV_DEV/e-commerce/orebishopping/.gitignore [35ms]
2025-02-14 18:47:55.675 [info] > git config --get commit.template [18ms]
2025-02-14 18:47:55.678 [info] > git for-each-ref --format=%(refname)%00%(upstream:short)%00%(objectname)%00%(upstream:track)%00%(upstream:remotename)%00%(upstream:remoteref) refs/heads/master refs/remotes/master [8ms]
2025-02-14 18:47:55.695 [warning] [Git][revParse] Unable to read file: ENOENT: no such file or directory, open '/home/black/ENV_DEV/e-commerce/orebishopping/.git/refs/remotes/origin/master'
2025-02-14 18:47:55.697 [info] > git rev-parse refs/remotes/origin/master [1ms]
2025-02-14 18:47:55.738 [info] > git for-each-ref --sort -committerdate --format %(refname) %(objectname) %(*objectname) [8ms]
2025-02-14 18:47:55.758 [info] > git status -z -uall [46ms]
2025-02-14 18:48:00.808 [info] > git config --get commit.template [10ms]
2025-02-14 18:48:00.812 [info] > git for-each-ref --format=%(refname)%00%(upstream:short)%00%(objectname)%00%(upstream:track)%00%(upstream:remotename)%00%(upstream:remoteref) refs/heads/master refs/remotes/master [4ms]
2025-02-14 18:48:00.820 [warning] [Git][revParse] Unable to read file: ENOENT: no such file or directory, open '/home/black/ENV_DEV/e-commerce/orebishopping/.git/refs/remotes/origin/master'
2025-02-14 18:48:00.823 [info] > git rev-parse refs/remotes/origin/master [3ms]
2025-02-14 18:48:00.851 [info] > git for-each-ref --sort -committerdate --format %(refname) %(objectname) %(*objectname) [7ms]
2025-02-14 18:48:00.884 [info] > git status -z -uall [54ms]
2025-02-14 18:48:05.963 [info] > git config --get commit.template [34ms]
2025-02-14 18:48:05.971 [info] > git for-each-ref --format=%(refname)%00%(upstream:short)%00%(objectname)%00%(upstream:track)%00%(upstream:remotename)%00%(upstream:remoteref) refs/heads/master refs/remotes/master [17ms]
2025-02-14 18:48:06.001 [warning] [Git][revParse] Unable to read file: ENOENT: no such file or directory, open '/home/black/ENV_DEV/e-commerce/orebishopping/.git/refs/remotes/origin/master'
2025-02-14 18:48:06.015 [info] > git rev-parse refs/remotes/origin/master [14ms]
2025-02-14 18:48:06.078 [info] > git for-each-ref --sort -committerdate --format %(refname) %(objectname) %(*objectname) [14ms]
2025-02-14 18:48:06.097 [info] > git status -z -uall [64ms]
2025-02-14 18:48:11.133 [info] > git config --get commit.template [9ms]
2025-02-14 18:48:11.137 [info] > git for-each-ref --format=%(refname)%00%(upstream:short)%00%(objectname)%00%(upstream:track)%00%(upstream:remotename)%00%(upstream:remoteref) refs/heads/master refs/remotes/master [5ms]
2025-02-14 18:48:11.154 [warning] [Git][revParse] Unable to read file: ENOENT: no such file or directory, open '/home/black/ENV_DEV/e-commerce/orebishopping/.git/refs/remotes/origin/master'
2025-02-14 18:48:11.161 [info] > git rev-parse refs/remotes/origin/master [7ms]
2025-02-14 18:48:11.185 [info] > git for-each-ref --sort -committerdate --format %(refname) %(objectname) %(*objectname) [2ms]
2025-02-14 18:48:11.227 [info] > git status -z -uall [58ms]
2025-02-14 18:48:16.281 [info] > git config --get commit.template [17ms]
2025-02-14 18:48:16.287 [info] > git for-each-ref --format=%(refname)%00%(upstream:short)%00%(objectname)%00%(upstream:track)%00%(upstream:remotename)%00%(upstream:remoteref) refs/heads/master refs/remotes/master [7ms]
2025-02-14 18:48:16.301 [warning] [Git][revParse] Unable to read file: ENOENT: no such file or directory, open '/home/black/ENV_DEV/e-commerce/orebishopping/.git/refs/remotes/origin/master'
2025-02-14 18:48:16.307 [info] > git rev-parse refs/remotes/origin/master [6ms]
2025-02-14 18:48:16.337 [info] > git for-each-ref --sort -committerdate --format %(refname) %(objectname) %(*objectname) [3ms]
2025-02-14 18:48:16.381 [info] > git status -z -uall [63ms]
2025-02-14 18:48:17.346 [info] > git check-ignore -v -z --stdin [14ms]
2025-02-14 18:48:18.235 [info] > git show --textconv :src/components/home/Footer/Footer.js [86ms]
2025-02-14 18:48:18.243 [info] > git ls-files --stage -- /home/black/ENV_DEV/e-commerce/orebishopping/src/components/home/Footer/Footer.js [12ms]
2025-02-14 18:48:18.329 [info] > git cat-file -s 670f8c80990f4f6673db0a1f1d4eb37fd9d9b66e [45ms]
2025-02-14 18:48:18.664 [info] > git blame --root --incremental 189587d0d1420aed73eca5f62e08f3103878169c -- /home/black/ENV_DEV/e-commerce/orebishopping/src/components/home/Footer/Footer.js [36ms]
2025-02-14 18:48:21.446 [info] > git config --get commit.template [32ms]
2025-02-14 18:48:21.455 [info] > git for-each-ref --format=%(refname)%00%(upstream:short)%00%(objectname)%00%(upstream:track)%00%(upstream:remotename)%00%(upstream:remoteref) refs/heads/master refs/remotes/master [10ms]
2025-02-14 18:48:21.484 [warning] [Git][revParse] Unable to read file: ENOENT: no such file or directory, open '/home/black/ENV_DEV/e-commerce/orebishopping/.git/refs/remotes/origin/master'
2025-02-14 18:48:21.485 [info] > git rev-parse refs/remotes/origin/master [1ms]
2025-02-14 18:48:21.592 [info] > git for-each-ref --sort -committerdate --format %(refname) %(objectname) %(*objectname) [28ms]
2025-02-14 18:48:21.702 [info] > git status -z -uall [194ms]
2025-02-14 18:48:26.757 [info] > git config --get commit.template [13ms]
2025-02-14 18:48:26.758 [info] > git for-each-ref --format=%(refname)%00%(upstream:short)%00%(objectname)%00%(upstream:track)%00%(upstream:remotename)%00%(upstream:remoteref) refs/heads/master refs/remotes/master [2ms]
2025-02-14 18:48:26.769 [warning] [Git][revParse] Unable to read file: ENOENT: no such file or directory, open '/home/black/ENV_DEV/e-commerce/orebishopping/.git/refs/remotes/origin/master'
2025-02-14 18:48:26.775 [info] > git rev-parse refs/remotes/origin/master [6ms]
2025-02-14 18:48:26.807 [info] > git for-each-ref --sort -committerdate --format %(refname) %(objectname) %(*objectname) [3ms]
2025-02-14 18:48:26.842 [info] > git status -z -uall [55ms]
2025-02-14 18:48:31.880 [info] > git config --get commit.template [11ms]
2025-02-14 18:48:31.885 [info] > git for-each-ref --format=%(refname)%00%(upstream:short)%00%(objectname)%00%(upstream:track)%00%(upstream:remotename)%00%(upstream:remoteref) refs/heads/master refs/remotes/master [5ms]
2025-02-14 18:48:31.896 [warning] [Git][revParse] Unable to read file: ENOENT: no such file or directory, open '/home/black/ENV_DEV/e-commerce/orebishopping/.git/refs/remotes/origin/master'
2025-02-14 18:48:31.898 [info] > git rev-parse refs/remotes/origin/master [3ms]
2025-02-14 18:48:31.920 [info] > git for-each-ref --sort -committerdate --format %(refname) %(objectname) %(*objectname) [2ms]
2025-02-14 18:48:31.933 [info] > git status -z -uall [29ms]
2025-02-14 18:48:37.144 [info] > git config --get commit.template [108ms]
2025-02-14 18:48:37.157 [info] > git for-each-ref --format=%(refname)%00%(upstream:short)%00%(objectname)%00%(upstream:track)%00%(upstream:remotename)%00%(upstream:remoteref) refs/heads/master refs/remotes/master [44ms]
2025-02-14 18:48:37.252 [warning] [Git][revParse] Unable to read file: ENOENT: no such file or directory, open '/home/black/ENV_DEV/e-commerce/orebishopping/.git/refs/remotes/origin/master'
2025-02-14 18:48:37.284 [info] > git rev-parse refs/remotes/origin/master [32ms]
2025-02-14 18:48:37.466 [info] > git for-each-ref --sort -committerdate --format %(refname) %(objectname) %(*objectname) [50ms]
2025-02-14 18:48:37.603 [info] > git status -z -uall [253ms]
2025-02-14 18:48:42.739 [info] > git config --get commit.template [12ms]
2025-02-14 18:48:42.765 [info] > git for-each-ref --format=%(refname)%00%(upstream:short)%00%(objectname)%00%(upstream:track)%00%(upstream:remotename)%00%(upstream:remoteref) refs/heads/master refs/remotes/master [4ms]
2025-02-14 18:48:42.783 [warning] [Git][revParse] Unable to read file: ENOENT: no such file or directory, open '/home/black/ENV_DEV/e-commerce/orebishopping/.git/refs/remotes/origin/master'
2025-02-14 18:48:42.791 [info] > git rev-parse refs/remotes/origin/master [7ms]
2025-02-14 18:48:42.988 [info] > git for-each-ref --sort -committerdate --format %(refname) %(objectname) %(*objectname) [77ms]
2025-02-14 18:48:43.156 [info] > git status -z -uall [317ms]
2025-02-14 18:48:48.243 [info] > git config --get commit.template [15ms]
2025-02-14 18:48:48.248 [info] > git for-each-ref --format=%(refname)%00%(upstream:short)%00%(objectname)%00%(upstream:track)%00%(upstream:remotename)%00%(upstream:remoteref) refs/heads/master refs/remotes/master [6ms]
2025-02-14 18:48:48.259 [warning] [Git][revParse] Unable to read file: ENOENT: no such file or directory, open '/home/black/ENV_DEV/e-commerce/orebishopping/.git/refs/remotes/origin/master'
2025-02-14 18:48:48.263 [info] > git rev-parse refs/remotes/origin/master [4ms]
2025-02-14 18:48:48.284 [info] > git for-each-ref --sort -committerdate --format %(refname) %(objectname) %(*objectname) [0ms]
2025-02-14 18:48:48.308 [info] > git status -z -uall [39ms]
2025-02-14 18:48:53.417 [info] > git config --get commit.template [38ms]
2025-02-14 18:48:53.418 [info] > git for-each-ref --format=%(refname)%00%(upstream:short)%00%(objectname)%00%(upstream:track)%00%(upstream:remotename)%00%(upstream:remoteref) refs/heads/master refs/remotes/master [9ms]
2025-02-14 18:48:53.448 [warning] [Git][revParse] Unable to read file: ENOENT: no such file or directory, open '/home/black/ENV_DEV/e-commerce/orebishopping/.git/refs/remotes/origin/master'
2025-02-14 18:48:53.451 [info] > git rev-parse refs/remotes/origin/master [3ms]
2025-02-14 18:48:53.546 [info] > git for-each-ref --sort -committerdate --format %(refname) %(objectname) %(*objectname) [18ms]
2025-02-14 18:48:53.588 [info] > git status -z -uall [116ms]
2025-02-14 18:48:58.688 [info] > git config --get commit.template [27ms]
2025-02-14 18:48:58.694 [info] > git for-each-ref --format=%(refname)%00%(upstream:short)%00%(objectname)%00%(upstream:track)%00%(upstream:remotename)%00%(upstream:remoteref) refs/heads/master refs/remotes/master [6ms]
2025-02-14 18:48:58.716 [warning] [Git][revParse] Unable to read file: ENOENT: no such file or directory, open '/home/black/ENV_DEV/e-commerce/orebishopping/.git/refs/remotes/origin/master'
2025-02-14 18:48:58.723 [info] > git rev-parse refs/remotes/origin/master [5ms]
2025-02-14 18:48:58.776 [info] > git for-each-ref --sort -committerdate --format %(refname) %(objectname) %(*objectname) [8ms]
2025-02-14 18:48:58.825 [info] > git status -z -uall [90ms]
2025-02-14 18:49:03.882 [info] > git config --get commit.template [5ms]
2025-02-14 18:49:03.918 [info] > git for-each-ref --format=%(refname)%00%(upstream:short)%00%(objectname)%00%(upstream:track)%00%(upstream:remotename)%00%(upstream:remoteref) refs/heads/master refs/remotes/master [8ms]
2025-02-14 18:49:03.934 [warning] [Git][revParse] Unable to read file: ENOENT: no such file or directory, open '/home/black/ENV_DEV/e-commerce/orebishopping/.git/refs/remotes/origin/master'
2025-02-14 18:49:03.940 [info] > git rev-parse refs/remotes/origin/master [6ms]
2025-02-14 18:49:03.981 [info] > git for-each-ref --sort -committerdate --format %(refname) %(objectname) %(*objectname) [7ms]
2025-02-14 18:49:04.025 [info] > git status -z -uall [74ms]
2025-02-14 18:49:09.073 [info] > git config --get commit.template [1ms]
2025-02-14 18:49:09.112 [info] > git for-each-ref --format=%(refname)%00%(upstream:short)%00%(objectname)%00%(upstream:track)%00%(upstream:remotename)%00%(upstream:remoteref) refs/heads/master refs/remotes/master [7ms]
2025-02-14 18:49:09.141 [warning] [Git][revParse] Unable to read file: ENOENT: no such file or directory, open '/home/black/ENV_DEV/e-commerce/orebishopping/.git/refs/remotes/origin/master'
2025-02-14 18:49:09.162 [info] > git rev-parse refs/remotes/origin/master [21ms]
2025-02-14 18:49:09.227 [info] > git for-each-ref --sort -committerdate --format %(refname) %(objectname) %(*objectname) [10ms]
2025-02-14 18:49:09.260 [info] > git status -z -uall [76ms]
2025-02-14 18:50:18.978 [info] > git config --get commit.template [73ms]
2025-02-14 18:50:18.995 [info] > git for-each-ref --format=%(refname)%00%(upstream:short)%00%(objectname)%00%(upstream:track)%00%(upstream:remotename)%00%(upstream:remoteref) refs/heads/master refs/remotes/master [26ms]
2025-02-14 18:50:19.032 [warning] [Git][revParse] Unable to read file: ENOENT: no such file or directory, open '/home/black/ENV_DEV/e-commerce/orebishopping/.git/refs/remotes/origin/master'
2025-02-14 18:50:19.046 [info] > git rev-parse refs/remotes/origin/master [14ms]
2025-02-14 18:50:19.145 [info] > git for-each-ref --sort -committerdate --format %(refname) %(objectname) %(*objectname) [21ms]
2025-02-14 18:50:19.569 [info] > git status -z -uall [489ms]
2025-02-14 18:50:24.627 [info] > git config --get commit.template [18ms]
2025-02-14 18:50:24.630 [info] > git for-each-ref --format=%(refname)%00%(upstream:short)%00%(objectname)%00%(upstream:track)%00%(upstream:remotename)%00%(upstream:remoteref) refs/heads/master refs/remotes/master [4ms]
2025-02-14 18:50:24.639 [warning] [Git][revParse] Unable to read file: ENOENT: no such file or directory, open '/home/black/ENV_DEV/e-commerce/orebishopping/.git/refs/remotes/origin/master'
2025-02-14 18:50:24.641 [info] > git rev-parse refs/remotes/origin/master [2ms]
2025-02-14 18:50:24.668 [info] > git for-each-ref --sort -committerdate --format %(refname) %(objectname) %(*objectname) [1ms]
2025-02-14 18:50:24.697 [info] > git status -z -uall [49ms]
2025-02-14 18:50:29.799 [info] > git config --get commit.template [21ms]
2025-02-14 18:50:29.804 [info] > git for-each-ref --format=%(refname)%00%(upstream:short)%00%(objectname)%00%(upstream:track)%00%(upstream:remotename)%00%(upstream:remoteref) refs/heads/master refs/remotes/master [7ms]
2025-02-14 18:50:29.818 [warning] [Git][revParse] Unable to read file: ENOENT: no such file or directory, open '/home/black/ENV_DEV/e-commerce/orebishopping/.git/refs/remotes/origin/master'
2025-02-14 18:50:29.823 [info] > git rev-parse refs/remotes/origin/master [5ms]
2025-02-14 18:50:29.862 [info] > git for-each-ref --sort -committerdate --format %(refname) %(objectname) %(*objectname) [5ms]
2025-02-14 18:50:29.925 [info] > git status -z -uall [89ms]
2025-02-14 18:50:34.983 [info] > git config --get commit.template [9ms]
2025-02-14 18:50:35.000 [info] > git for-each-ref --format=%(refname)%00%(upstream:short)%00%(objectname)%00%(upstream:track)%00%(upstream:remotename)%00%(upstream:remoteref) refs/heads/master refs/remotes/master [4ms]
2025-02-14 18:50:35.012 [warning] [Git][revParse] Unable to read file: ENOENT: no such file or directory, open '/home/black/ENV_DEV/e-commerce/orebishopping/.git/refs/remotes/origin/master'
2025-02-14 18:50:35.016 [info] > git rev-parse refs/remotes/origin/master [4ms]
2025-02-14 18:50:35.066 [info] > git for-each-ref --sort -committerdate --format %(refname) %(objectname) %(*objectname) [12ms]
2025-02-14 18:50:35.142 [info] > git status -z -uall [112ms]
2025-02-14 18:50:40.212 [info] > git config --get commit.template [5ms]
2025-02-14 18:50:40.256 [info] > git for-each-ref --format=%(refname)%00%(upstream:short)%00%(objectname)%00%(upstream:track)%00%(upstream:remotename)%00%(upstream:remoteref) refs/heads/master refs/remotes/master [12ms]
2025-02-14 18:50:40.282 [warning] [Git][revParse] Unable to read file: ENOENT: no such file or directory, open '/home/black/ENV_DEV/e-commerce/orebishopping/.git/refs/remotes/origin/master'
2025-02-14 18:50:40.306 [info] > git rev-parse refs/remotes/origin/master [24ms]
2025-02-14 18:50:40.372 [info] > git for-each-ref --sort -committerdate --format %(refname) %(objectname) %(*objectname) [8ms]
2025-02-14 18:50:40.425 [info] > git status -z -uall [96ms]
2025-02-14 18:50:45.943 [info] > git config --get commit.template [18ms]
2025-02-14 18:50:45.974 [info] > git for-each-ref --format=%(refname)%00%(upstream:short)%00%(objectname)%00%(upstream:track)%00%(upstream:remotename)%00%(upstream:remoteref) refs/heads/master refs/remotes/master [7ms]
2025-02-14 18:50:45.991 [warning] [Git][revParse] Unable to read file: ENOENT: no such file or directory, open '/home/black/ENV_DEV/e-commerce/orebishopping/.git/refs/remotes/origin/master'
2025-02-14 18:50:45.997 [info] > git rev-parse refs/remotes/origin/master [6ms]
2025-02-14 18:50:46.065 [info] > git for-each-ref --sort -committerdate --format %(refname) %(objectname) %(*objectname) [7ms]
2025-02-14 18:50:46.125 [info] > git status -z -uall [113ms]
