2025-02-19 18:46:34.102 [info] Reading sessions from keychain...
2025-02-19 18:46:34.102 [info] Getting sessions for all scopes...
2025-02-19 18:46:34.102 [info] Getting sessions for all scopes...
2025-02-19 18:46:34.102 [info] Getting sessions for all scopes...
2025-02-19 18:46:34.102 [info] Getting sessions for all scopes...
2025-02-19 18:46:34.102 [info] Getting sessions for all scopes...
2025-02-19 18:46:34.102 [info] Getting sessions for all scopes...
2025-02-19 18:46:34.102 [info] Getting sessions for all scopes...
2025-02-19 18:46:35.046 [info] Got 0 sessions for ...
2025-02-19 18:46:35.046 [info] Got 0 sessions for ...
2025-02-19 18:46:35.046 [info] Got 0 sessions for ...
2025-02-19 18:46:35.046 [info] Got 0 sessions for ...
2025-02-19 18:46:35.046 [info] Got 0 sessions for ...
2025-02-19 18:46:35.046 [info] Got 0 sessions for ...
2025-02-19 18:46:35.046 [info] Got 0 sessions for ...
2025-02-19 18:46:39.779 [info] Getting sessions for all scopes...
2025-02-19 18:46:39.779 [info] Got 0 sessions for ...
2025-02-19 18:46:43.102 [info] Getting sessions for read:user,repo,user:email,workflow...
2025-02-19 18:46:43.102 [info] Got 0 sessions for read:user,repo,user:email,workflow...
2025-02-19 18:46:48.410 [info] Getting sessions for all scopes...
2025-02-19 18:46:48.410 [info] Got 0 sessions for ...
2025-02-19 18:46:57.818 [info] Getting sessions for read:user,repo,user:email,workflow...
2025-02-19 18:46:57.818 [info] Got 0 sessions for read:user,repo,user:email,workflow...
