Unable to load library file:///home/black/ENV_DEV/e-commerce/orebishopping/jquery.ts at /usr/share/code/resources/app/extensions/node_modules/typescript/lib/file:/home/black/ENV_DEV/e-commerce/orebishopping/jquery.ts
Unable to load library file:///home/black/ENV_DEV/e-commerce/orebishopping/jquery.tsx at /usr/share/code/resources/app/extensions/node_modules/typescript/lib/file:/home/black/ENV_DEV/e-commerce/orebishopping/jquery.tsx
Unable to load library file:///home/black/ENV_DEV/e-commerce/orebishopping/jquery.d.ts at /usr/share/code/resources/app/extensions/node_modules/typescript/lib/file:/home/black/ENV_DEV/e-commerce/orebishopping/jquery.d.ts
Unable to load library file:///home/black/ENV_DEV/e-commerce/jquery.ts at /usr/share/code/resources/app/extensions/node_modules/typescript/lib/file:/home/black/ENV_DEV/e-commerce/jquery.ts
Unable to load library file:///home/black/ENV_DEV/e-commerce/jquery.tsx at /usr/share/code/resources/app/extensions/node_modules/typescript/lib/file:/home/black/ENV_DEV/e-commerce/jquery.tsx
Unable to load library file:///home/black/ENV_DEV/e-commerce/jquery.d.ts at /usr/share/code/resources/app/extensions/node_modules/typescript/lib/file:/home/black/ENV_DEV/e-commerce/jquery.d.ts
Unable to load library file:///home/black/ENV_DEV/jquery.ts at /usr/share/code/resources/app/extensions/node_modules/typescript/lib/file:/home/black/ENV_DEV/jquery.ts
Unable to load library file:///home/black/ENV_DEV/jquery.tsx at /usr/share/code/resources/app/extensions/node_modules/typescript/lib/file:/home/black/ENV_DEV/jquery.tsx
Unable to load library file:///home/black/ENV_DEV/jquery.d.ts at /usr/share/code/resources/app/extensions/node_modules/typescript/lib/file:/home/black/ENV_DEV/jquery.d.ts
Unable to load library file:///home/black/jquery.ts at /usr/share/code/resources/app/extensions/node_modules/typescript/lib/file:/home/black/jquery.ts
Unable to load library file:///home/black/jquery.tsx at /usr/share/code/resources/app/extensions/node_modules/typescript/lib/file:/home/black/jquery.tsx
Unable to load library file:///home/black/jquery.d.ts at /usr/share/code/resources/app/extensions/node_modules/typescript/lib/file:/home/black/jquery.d.ts
Unable to load library file:///home/jquery.ts at /usr/share/code/resources/app/extensions/node_modules/typescript/lib/file:/home/jquery.ts
Unable to load library file:///home/jquery.tsx at /usr/share/code/resources/app/extensions/node_modules/typescript/lib/file:/home/jquery.tsx
Unable to load library file:///home/jquery.d.ts at /usr/share/code/resources/app/extensions/node_modules/typescript/lib/file:/home/jquery.d.ts
Unable to load library file:///jquery.ts at /usr/share/code/resources/app/extensions/node_modules/typescript/lib/file:/jquery.ts
Unable to load library file:///jquery.tsx at /usr/share/code/resources/app/extensions/node_modules/typescript/lib/file:/jquery.tsx
Unable to load library file:///jquery.d.ts at /usr/share/code/resources/app/extensions/node_modules/typescript/lib/file:/jquery.d.ts
Unable to load library file:///home/black/ENV_DEV/e-commerce/orebishopping/node_modules/@types/jquery/package.json at /usr/share/code/resources/app/extensions/node_modules/typescript/lib/file:/home/black/ENV_DEV/e-commerce/orebishopping/node_modules/@types/jquery/package.json
Unable to load library file:///home/black/ENV_DEV/e-commerce/orebishopping/node_modules/@types/jquery.d.ts at /usr/share/code/resources/app/extensions/node_modules/typescript/lib/file:/home/black/ENV_DEV/e-commerce/orebishopping/node_modules/@types/jquery.d.ts
Unable to load library file:///home/black/ENV_DEV/e-commerce/orebishopping/node_modules/@types/jquery/index.d.ts at /usr/share/code/resources/app/extensions/node_modules/typescript/lib/file:/home/black/ENV_DEV/e-commerce/orebishopping/node_modules/@types/jquery/index.d.ts
Unable to load library file:///home/black/ENV_DEV/e-commerce/node_modules/@types/jquery/package.json at /usr/share/code/resources/app/extensions/node_modules/typescript/lib/file:/home/black/ENV_DEV/e-commerce/node_modules/@types/jquery/package.json
Unable to load library file:///home/black/ENV_DEV/e-commerce/node_modules/@types/jquery.d.ts at /usr/share/code/resources/app/extensions/node_modules/typescript/lib/file:/home/black/ENV_DEV/e-commerce/node_modules/@types/jquery.d.ts
Unable to load library file:///home/black/ENV_DEV/e-commerce/node_modules/@types/jquery/index.d.ts at /usr/share/code/resources/app/extensions/node_modules/typescript/lib/file:/home/black/ENV_DEV/e-commerce/node_modules/@types/jquery/index.d.ts
Unable to load library file:///home/black/ENV_DEV/node_modules/@types/jquery/package.json at /usr/share/code/resources/app/extensions/node_modules/typescript/lib/file:/home/black/ENV_DEV/node_modules/@types/jquery/package.json
Unable to load library file:///home/black/ENV_DEV/node_modules/@types/jquery.d.ts at /usr/share/code/resources/app/extensions/node_modules/typescript/lib/file:/home/black/ENV_DEV/node_modules/@types/jquery.d.ts
Unable to load library file:///home/black/ENV_DEV/node_modules/@types/jquery/index.d.ts at /usr/share/code/resources/app/extensions/node_modules/typescript/lib/file:/home/black/ENV_DEV/node_modules/@types/jquery/index.d.ts
Unable to load library file:///home/black/node_modules/@types/jquery/package.json at /usr/share/code/resources/app/extensions/node_modules/typescript/lib/file:/home/black/node_modules/@types/jquery/package.json
Unable to load library file:///home/black/node_modules/@types/jquery.d.ts at /usr/share/code/resources/app/extensions/node_modules/typescript/lib/file:/home/black/node_modules/@types/jquery.d.ts
Unable to load library file:///home/black/node_modules/@types/jquery/index.d.ts at /usr/share/code/resources/app/extensions/node_modules/typescript/lib/file:/home/black/node_modules/@types/jquery/index.d.ts
Unable to load library file:///home/node_modules/@types/jquery/package.json at /usr/share/code/resources/app/extensions/node_modules/typescript/lib/file:/home/node_modules/@types/jquery/package.json
Unable to load library file:///home/node_modules/@types/jquery.d.ts at /usr/share/code/resources/app/extensions/node_modules/typescript/lib/file:/home/node_modules/@types/jquery.d.ts
Unable to load library file:///home/node_modules/@types/jquery/index.d.ts at /usr/share/code/resources/app/extensions/node_modules/typescript/lib/file:/home/node_modules/@types/jquery/index.d.ts
Unable to load library file:///node_modules/@types/jquery/package.json at /usr/share/code/resources/app/extensions/node_modules/typescript/lib/file:/node_modules/@types/jquery/package.json
Unable to load library file:///node_modules/@types/jquery.d.ts at /usr/share/code/resources/app/extensions/node_modules/typescript/lib/file:/node_modules/@types/jquery.d.ts
Unable to load library file:///node_modules/@types/jquery/index.d.ts at /usr/share/code/resources/app/extensions/node_modules/typescript/lib/file:/node_modules/@types/jquery/index.d.ts
Unable to load library file:///home/black/ENV_DEV/e-commerce/orebishopping/jquery.js at /usr/share/code/resources/app/extensions/node_modules/typescript/lib/file:/home/black/ENV_DEV/e-commerce/orebishopping/jquery.js
Unable to load library file:///home/black/ENV_DEV/e-commerce/orebishopping/jquery.jsx at /usr/share/code/resources/app/extensions/node_modules/typescript/lib/file:/home/black/ENV_DEV/e-commerce/orebishopping/jquery.jsx
Unable to load library file:///home/black/ENV_DEV/e-commerce/jquery.js at /usr/share/code/resources/app/extensions/node_modules/typescript/lib/file:/home/black/ENV_DEV/e-commerce/jquery.js
Unable to load library file:///home/black/ENV_DEV/e-commerce/jquery.jsx at /usr/share/code/resources/app/extensions/node_modules/typescript/lib/file:/home/black/ENV_DEV/e-commerce/jquery.jsx
Unable to load library file:///home/black/ENV_DEV/jquery.js at /usr/share/code/resources/app/extensions/node_modules/typescript/lib/file:/home/black/ENV_DEV/jquery.js
Unable to load library file:///home/black/ENV_DEV/jquery.jsx at /usr/share/code/resources/app/extensions/node_modules/typescript/lib/file:/home/black/ENV_DEV/jquery.jsx
Unable to load library file:///home/black/jquery.js at /usr/share/code/resources/app/extensions/node_modules/typescript/lib/file:/home/black/jquery.js
Unable to load library file:///home/black/jquery.jsx at /usr/share/code/resources/app/extensions/node_modules/typescript/lib/file:/home/black/jquery.jsx
Unable to load library file:///home/jquery.js at /usr/share/code/resources/app/extensions/node_modules/typescript/lib/file:/home/jquery.js
Unable to load library file:///home/jquery.jsx at /usr/share/code/resources/app/extensions/node_modules/typescript/lib/file:/home/jquery.jsx
Unable to load library file:///jquery.js at /usr/share/code/resources/app/extensions/node_modules/typescript/lib/file:/jquery.js
Unable to load library file:///jquery.jsx at /usr/share/code/resources/app/extensions/node_modules/typescript/lib/file:/jquery.jsx
