2025-02-14 18:37:38.571 [info] Reading sessions from keychain...
2025-02-14 18:37:38.571 [info] Getting sessions for all scopes...
2025-02-14 18:37:38.571 [info] Getting sessions for all scopes...
2025-02-14 18:37:38.571 [info] Getting sessions for all scopes...
2025-02-14 18:37:38.692 [info] Getting sessions for all scopes...
2025-02-14 18:37:38.693 [info] Getting sessions for all scopes...
2025-02-14 18:37:38.693 [info] Getting sessions for all scopes...
2025-02-14 18:37:38.693 [info] Getting sessions for all scopes...
2025-02-14 18:37:38.694 [info] Getting sessions for all scopes...
2025-02-14 18:37:38.758 [info] Got 0 sessions for ...
2025-02-14 18:37:38.758 [info] Got 0 sessions for ...
2025-02-14 18:37:38.758 [info] Got 0 sessions for ...
2025-02-14 18:37:38.758 [info] Got 0 sessions for ...
2025-02-14 18:37:38.758 [info] Got 0 sessions for ...
2025-02-14 18:37:38.758 [info] Got 0 sessions for ...
2025-02-14 18:37:38.758 [info] Got 0 sessions for ...
2025-02-14 18:37:38.758 [info] Got 0 sessions for ...
2025-02-14 18:37:39.663 [info] Getting sessions for all scopes...
2025-02-14 18:37:39.663 [info] Got 0 sessions for ...
2025-02-14 18:38:12.962 [info] Reading sessions from keychain...
2025-02-14 18:38:12.962 [info] Getting sessions for all scopes...
2025-02-14 18:38:12.962 [info] Getting sessions for all scopes...
2025-02-14 18:38:12.962 [info] Getting sessions for all scopes...
2025-02-14 18:38:12.962 [info] Got 0 sessions for ...
2025-02-14 18:38:12.962 [info] Got 0 sessions for ...
2025-02-14 18:38:12.962 [info] Got 0 sessions for ...
2025-02-14 18:38:13.034 [info] Getting sessions for all scopes...
2025-02-14 18:38:13.034 [info] Got 0 sessions for ...
2025-02-14 18:38:13.036 [info] Getting sessions for all scopes...
2025-02-14 18:38:13.036 [info] Got 0 sessions for ...
2025-02-14 18:38:13.036 [info] Getting sessions for all scopes...
2025-02-14 18:38:13.036 [info] Got 0 sessions for ...
2025-02-14 18:38:13.036 [info] Getting sessions for all scopes...
2025-02-14 18:38:13.036 [info] Got 0 sessions for ...
2025-02-14 18:38:13.037 [info] Getting sessions for all scopes...
2025-02-14 18:38:13.037 [info] Got 0 sessions for ...
2025-02-14 18:38:14.644 [info] Getting sessions for all scopes...
2025-02-14 18:38:14.644 [info] Got 0 sessions for ...
2025-02-14 18:38:18.323 [info] Getting sessions for read:user,repo,user:email,workflow...
2025-02-14 18:38:18.323 [info] Got 0 sessions for read:user,repo,user:email,workflow...
