2025-02-21 09:13:24.241 [info] [main] Log level: Info
2025-02-21 09:13:24.241 [info] [main] Validating found git in: "git"
2025-02-21 09:13:24.241 [info] [main] Using git "2.45.2" from "git"
2025-02-21 09:13:24.241 [info] [Model][doInitialScan] Initial repository scan started
2025-02-21 09:13:24.241 [info] > git rev-parse --show-toplevel [61ms]
2025-02-21 09:13:24.241 [info] fatal: detected dubious ownership in repository at '/home/black/ENV_DEV/e-commerce/orebishopping'
To add an exception for this directory, call:

	git config --global --add safe.directory /home/black/ENV_DEV/e-commerce/orebishopping
2025-02-21 09:13:24.242 [info] > git rev-parse --show-toplevel [4ms]
2025-02-21 09:13:24.242 [info] fatal: detected dubious ownership in repository at '/home/black/ENV_DEV/e-commerce/orebishopping'
To add an exception for this directory, call:

	git config --global --add safe.directory /home/black/ENV_DEV/e-commerce/orebishopping
2025-02-21 09:13:24.301 [info] > git rev-parse --show-toplevel [16ms]
2025-02-21 09:13:24.301 [info] fatal: detected dubious ownership in repository at '/home/black/ENV_DEV/e-commerce/orebishopping'
To add an exception for this directory, call:

	git config --global --add safe.directory /home/black/ENV_DEV/e-commerce/orebishopping
2025-02-21 09:13:24.370 [info] > git rev-parse --show-toplevel [13ms]
2025-02-21 09:13:24.370 [info] fatal: detected dubious ownership in repository at '/home/black/ENV_DEV/e-commerce/orebishopping'
To add an exception for this directory, call:

	git config --global --add safe.directory /home/black/ENV_DEV/e-commerce/orebishopping
2025-02-21 09:13:24.416 [info] > git rev-parse --show-toplevel [10ms]
2025-02-21 09:13:24.416 [info] fatal: detected dubious ownership in repository at '/home/black/ENV_DEV/e-commerce/orebishopping'
To add an exception for this directory, call:

	git config --global --add safe.directory /home/black/ENV_DEV/e-commerce/orebishopping
2025-02-21 09:13:24.496 [info] > git rev-parse --show-toplevel [40ms]
2025-02-21 09:13:24.496 [info] fatal: detected dubious ownership in repository at '/home/black/ENV_DEV/e-commerce/orebishopping'
To add an exception for this directory, call:

	git config --global --add safe.directory /home/black/ENV_DEV/e-commerce/orebishopping
2025-02-21 09:13:24.520 [info] [Model][doInitialScan] Initial repository scan completed - repositories (0), closed repositories (0), parent repositories (0), unsafe repositories (1)
2025-02-21 09:13:25.137 [info] > git rev-parse --show-toplevel [18ms]
2025-02-21 09:13:25.137 [info] fatal: detected dubious ownership in repository at '/home/black/ENV_DEV/e-commerce/orebishopping'
To add an exception for this directory, call:

	git config --global --add safe.directory /home/black/ENV_DEV/e-commerce/orebishopping
2025-02-21 09:13:26.815 [info] > git rev-parse --show-toplevel [31ms]
2025-02-21 09:13:26.815 [info] fatal: detected dubious ownership in repository at '/home/black/ENV_DEV/e-commerce/orebishopping'
To add an exception for this directory, call:

	git config --global --add safe.directory /home/black/ENV_DEV/e-commerce/orebishopping
2025-02-21 09:13:27.312 [info] > git rev-parse --show-toplevel [28ms]
2025-02-21 09:13:27.312 [info] fatal: detected dubious ownership in repository at '/home/black/ENV_DEV/e-commerce/orebishopping'
To add an exception for this directory, call:

	git config --global --add safe.directory /home/black/ENV_DEV/e-commerce/orebishopping
2025-02-21 09:13:40.021 [info] > git rev-parse --show-toplevel [88ms]
2025-02-21 09:13:40.021 [info] fatal: detected dubious ownership in repository at '/home/black/ENV_DEV/e-commerce/orebishopping'
To add an exception for this directory, call:

	git config --global --add safe.directory /home/black/ENV_DEV/e-commerce/orebishopping
2025-02-21 09:13:40.090 [info] > git rev-parse --show-toplevel [9ms]
2025-02-21 09:13:40.090 [info] fatal: detected dubious ownership in repository at '/home/black/ENV_DEV/e-commerce/orebishopping'
To add an exception for this directory, call:

	git config --global --add safe.directory /home/black/ENV_DEV/e-commerce/orebishopping
2025-02-21 09:13:45.731 [info] > git rev-parse --show-toplevel [32ms]
2025-02-21 09:13:45.731 [info] fatal: detected dubious ownership in repository at '/home/black/ENV_DEV/e-commerce/orebishopping'
To add an exception for this directory, call:

	git config --global --add safe.directory /home/black/ENV_DEV/e-commerce/orebishopping
